Starting 4 worker processes ...
JobMonitor serving at 127.0.0.1:4321
[GET] localhost:4321 /jobinfo
[GET] localhost:4321 /jobinfo
[GET] localhost:4321 /jobinfo
[GET] localhost:4321 /submit?name=clipdb2&command=%2Fvar%2Fwww%2Fhtml%2Fpostar%2Fserver%2Fdeepbind_predict.sh+human.rbp.ids+%2Fvar%2Fwww%2Fhtml%2Fpostar%2Fserver%2Fresult%2F3770834158%2Finput.seq+0
[GET] localhost:4321 /submit?name=clipdb2&command=%2Fvar%2Fwww%2Fhtml%2Fpostar%2Fserver%2Fdeepbind_predict.sh+human.rbp.ids+%2Fvar%2Fwww%2Fhtml%2Fpostar%2Fserver%2Fresult%2F0673825621%2Finput.seq+0
[GET] localhost:4321 /submit?name=clipdb2&command=%2Fvar%2Fwww%2Fhtml%2Fpostar%2Fserver%2Fdeepbind_predict.sh+human.rbp.ids+%2Fvar%2Fwww%2Fhtml%2Fpostar%2Fserver%2Fresult%2F4182872033%2Finput.seq+0
[GET] localhost:4321 /submit?name=clipdb2&command=%2Fvar%2Fwww%2Fhtml%2Fpostar%2Fserver%2Fdeepbind_predict.sh+human.rbp.ids+%2Fvar%2Fwww%2Fhtml%2Fpostar%2Fserver%2Fresult%2F7053087203%2Finput.seq+0
[GET] localhost:4321 /submit?name=clipdb2&command=%2Fvar%2Fwww%2Fhtml%2Fpostar%2Fserver%2Fdeepbind_predict.sh+human.rbp.ids+%2Fvar%2Fwww%2Fhtml%2Fpostar%2Fserver%2Fresult%2F1923006306%2Finput.seq+0
[GET] localhost:4321 /submit?name=1524463588&command=%2Fhome%2Frme%2FRNAex%2Fresult%2F1524463560%2F%2Fcurl.sh
[GET] localhost:4321 /submit?name=1524529589&command=%2Fhome%2Frme%2FRNAex%2Fresult%2F1524529475%2F%2Fcurl.sh
[GET] localhost:4321 /submit?name=1524530094&command=%2Fhome%2Frme%2FRNAex%2Fresult%2F1524530042%2F%2Fcurl.sh
[GET] localhost:4321 /submit?name=1524530791&command=%2Fhome%2Frme%2FRNAex%2Fresult%2F1524530422%2F%2Fcurl.sh
[GET] localhost:4321 /submit?name=clipdb2&command=%2Fvar%2Fwww%2Fhtml%2Fpostar%2Fserver%2Fdeepbind_predict.sh+human.rbp.ids+%2Fvar%2Fwww%2Fhtml%2Fpostar%2Fserver%2Fresult%2F3952340222%2Finput.seq+0
[GET] localhost:4321 /submit?name=clipdb2&command=%2Fvar%2Fwww%2Fhtml%2Fpostar%2Fserver%2Fdeepbind_predict.sh+human.rbp.ids+%2Fvar%2Fwww%2Fhtml%2Fpostar%2Fserver%2Fresult%2F4683899825%2Finput.seq+0
[GET] localhost:4321 /submit?name=clipdb2&command=%2Fvar%2Fwww%2Fhtml%2Fpostar%2Fserver%2Fdeepbind_predict.sh+human.rbp.ids+%2Fvar%2Fwww%2Fhtml%2Fpostar%2Fserver%2Fresult%2F4422516446%2Finput.seq+0
[GET] localhost:4321 /submit?name=clipdb2&command=%2Fvar%2Fwww%2Fhtml%2Fpostar%2Fserver%2Ffimo_predict.sh+human+%2Fvar%2Fwww%2Fhtml%2Fpostar%2Fserver%2Fresult%2F6059126274%2Finput.seq+0.05
[GET] localhost:4321 /submit?name=clipdb2&command=%2Fvar%2Fwww%2Fhtml%2Fpostar%2Fserver%2Fdeepbind_predict.sh+human.rbp.ids+%2Fvar%2Fwww%2Fhtml%2Fpostar%2Fserver%2Fresult%2F9564056649%2Finput.seq+0
[GET] localhost:4321 /submit?name=clipdb2&command=%2Fvar%2Fwww%2Fhtml%2Fpostar%2Fserver%2Ffimo_predict.sh+human+%2Fvar%2Fwww%2Fhtml%2Fpostar%2Fserver%2Fresult%2F7447794567%2Finput.seq+0.05
[GET] localhost:4321 /submit?name=clipdb2&command=%2Fvar%2Fwww%2Fhtml%2Fpostar%2Fserver%2Ftess_predict.sh+human+%2Fvar%2Fwww%2Fhtml%2Fpostar%2Fserver%2Fresult%2F8388849128%2Finput.seq+5
[GET] localhost:4321 /submit?name=clipdb2&command=%2Fvar%2Fwww%2Fhtml%2Fpostar%2Fserver%2Ftess_predict.sh+human+%2Fvar%2Fwww%2Fhtml%2Fpostar%2Fserver%2Fresult%2F8607773446%2Finput.seq+
[GET] localhost:4321 /submit?name=clipdb2&command=%2Fvar%2Fwww%2Fhtml%2Fpostar%2Fserver%2Ftess_predict.sh+human+%2Fvar%2Fwww%2Fhtml%2Fpostar%2Fserver%2Fresult%2F4460901616%2Finput.seq+5
[GET] localhost:4321 /submit?name=clipdb2&command=%2Fvar%2Fwww%2Fhtml%2Fpostar%2Fserver%2Fdeepbind_predict.sh+human.rbp.ids+%2Fvar%2Fwww%2Fhtml%2Fpostar%2Fserver%2Fresult%2F6937409688%2Finput.seq+0
[GET] localhost:4321 /submit?name=clipdb2&command=%2Fvar%2Fwww%2Fhtml%2Fpostar%2Fserver%2Ffimo_predict.sh+human+%2Fvar%2Fwww%2Fhtml%2Fpostar%2Fserver%2Fresult%2F6557081150%2Finput.seq+0.05
[GET] localhost:4321 /submit?name=clipdb2&command=%2Fvar%2Fwww%2Fhtml%2Fpostar%2Fserver%2Ffimo_predict.sh+human+%2Fvar%2Fwww%2Fhtml%2Fpostar%2Fserver%2Fresult%2F7812124715%2Finput.seq+0.05
[GET] localhost:4321 /submit?name=clipdb2&command=%2Fvar%2Fwww%2Fhtml%2Fpostar%2Fserver%2Fdeepbind_predict.sh+human.rbp.ids+%2Fvar%2Fwww%2Fhtml%2Fpostar%2Fserver%2Fresult%2F6188920528%2Finput.seq+0
[GET] localhost:4321 /submit?name=clipdb2&command=%2Fvar%2Fwww%2Fhtml%2Fpostar%2Fserver%2Fdeepbind_predict.sh+human.rbp.ids+%2Fvar%2Fwww%2Fhtml%2Fpostar%2Fserver%2Fresult%2F3113280449%2Finput.seq+0
[GET] localhost:4321 /submit?name=clipdb2&command=%2Fvar%2Fwww%2Fhtml%2Fpostar%2Fserver%2Fdeepbind_predict.sh+human.rbp.ids+%2Fvar%2Fwww%2Fhtml%2Fpostar%2Fserver%2Fresult%2F1352733796%2Finput.seq+0
[GET] localhost:4321 /submit?name=clipdb2&command=%2Fvar%2Fwww%2Fhtml%2Fpostar%2Fserver%2Fdeepbind_predict.sh+human.rbp.ids+%2Fvar%2Fwww%2Fhtml%2Fpostar%2Fserver%2Fresult%2F1278223224%2Finput.seq+0
[GET] localhost:4321 /submit?name=clipdb2&command=%2Fvar%2Fwww%2Fhtml%2Fpostar%2Fserver%2Fdeepbind_predict.sh+human.rbp.ids+%2Fvar%2Fwww%2Fhtml%2Fpostar%2Fserver%2Fresult%2F2427798571%2Finput.seq+0
[GET] localhost:4321 /submit?name=clipdb2&command=%2Fvar%2Fwww%2Fhtml%2Fpostar%2Fserver%2Ffimo_predict.sh+human+%2Fvar%2Fwww%2Fhtml%2Fpostar%2Fserver%2Fresult%2F3426650879%2Finput.seq+0.05
[GET] localhost:4321 /submit?name=clipdb2&command=%2Fvar%2Fwww%2Fhtml%2Fpostar%2Fserver%2Ftess_predict.sh+human+%2Fvar%2Fwww%2Fhtml%2Fpostar%2Fserver%2Fresult%2F6440177900%2Finput.seq+0
[GET] localhost:4321 /submit?name=clipdb2&command=%2Fvar%2Fwww%2Fhtml%2Fpostar%2Fserver%2Ftess_predict.sh+human+%2Fvar%2Fwww%2Fhtml%2Fpostar%2Fserver%2Fresult%2F9998811080%2Finput.seq+7
[GET] localhost:4321 /submit?name=clipdb2&command=%2Fvar%2Fwww%2Fhtml%2Fpostar%2Fserver%2Ftess_predict.sh+human+%2Fvar%2Fwww%2Fhtml%2Fpostar%2Fserver%2Fresult%2F0752054414%2Finput.seq+5
[GET] localhost:4321 /submit?name=clipdb2&command=%2Fvar%2Fwww%2Fhtml%2Fpostar%2Fserver%2Fdeepbind_predict.sh+human.rbp.ids+%2Fvar%2Fwww%2Fhtml%2Fpostar%2Fserver%2Fresult%2F1717601433%2Finput.seq+0
[GET] localhost:4321 /submit?name=clipdb2&command=%2Fvar%2Fwww%2Fhtml%2Fpostar%2Fserver%2Ffimo_predict.sh+human+%2Fvar%2Fwww%2Fhtml%2Fpostar%2Fserver%2Fresult%2F7582048666%2Finput.seq+0.05
[GET] localhost:4321 /submit?name=clipdb2&command=%2Fvar%2Fwww%2Fhtml%2Fpostar%2Fserver%2Fdeepbind_predict.sh+human.rbp.ids+%2Fvar%2Fwww%2Fhtml%2Fpostar%2Fserver%2Fresult%2F1587109477%2Finput.seq+0
[GET] localhost:4321 /submit?name=clipdb2&command=%2Fvar%2Fwww%2Fhtml%2Fpostar%2Fserver%2Ffimo_predict.sh+human+%2Fvar%2Fwww%2Fhtml%2Fpostar%2Fserver%2Fresult%2F2375591728%2Finput.seq+0.05
[GET] localhost:4321 /submit?name=clipdb2&command=%2Fvar%2Fwww%2Fhtml%2Fpostar%2Fserver%2Ftess_predict.sh+human+%2Fvar%2Fwww%2Fhtml%2Fpostar%2Fserver%2Fresult%2F2239798124%2Finput.seq+5
[GET] localhost:4321 /submit?name=clipdb2&command=%2Fvar%2Fwww%2Fhtml%2Fpostar%2Fserver%2Ffimo_predict.sh+human+%2Fvar%2Fwww%2Fhtml%2Fpostar%2Fserver%2Fresult%2F3216243502%2Finput.seq+0.05
[GET] localhost:4321 /submit?name=clipdb2&command=%2Fvar%2Fwww%2Fhtml%2Fpostar%2Fserver%2Ftess_predict.sh+human+%2Fvar%2Fwww%2Fhtml%2Fpostar%2Fserver%2Fresult%2F0436809059%2Finput.seq+5
[GET] localhost:4321 /submit?name=clipdb2browse&command=cat+++%3E%3E+%2Fvar%2Fwww%2Fhtml%2Fpostar%2Fserver%2Fbrowse%2F7836450599+
[GET] localhost:4321 /submit?name=clipdb2&command=%2Fvar%2Fwww%2Fhtml%2Fpostar%2Fserver%2Fdeepbind_predict.sh+human.rbp.ids+%2Fvar%2Fwww%2Fhtml%2Fpostar%2Fserver%2Fresult%2F2272477902%2Finput.seq+0
[GET] localhost:4321 /submit?name=job1&command=%2Fvar%2Fwww%2Fhtml%2FRNAfinder%2Fsubmit_job.sh+result%2F7556156414%2Finput+result%2F7556156414+human
[GET] localhost:4321 /submit?name=job1&command=%2Fvar%2Fwww%2Fhtml%2FRNAfinder%2Fsubmit_job.sh+result%2F3477576527%2Finput+result%2F3477576527+human
[GET] localhost:4321 /submit?name=job1&command=%2Fvar%2Fwww%2Fhtml%2FRNAfinder%2Fsubmit_job.sh+result%2F2890423916%2Finput+result%2F2890423916+human
[GET] localhost:4321 /submit?name=1524727875&command=%2Fhome%2Frme%2FRNAex%2Fresult%2F1524725487%2F%2Fcurl.sh
[GET] localhost:4321 /submit?name=clipdb2browse&command=cat+++%3E%3E+%2Fvar%2Fwww%2Fhtml%2Fpostar%2Fserver%2Fbrowse%2F0972960171+
[GET] localhost:4321 /submit?name=clipdb2browse&command=cat+++%3E%3E+%2Fvar%2Fwww%2Fhtml%2Fpostar%2Fserver%2Fbrowse%2F9869674960+
[GET] localhost:4321 /submit?name=clipdb2browse&command=cat+++%2Fhome%2Fhuboqin%2Fdata%2Fclipdb2%2Fbrowse%2Ftrack%2Fhuman_miRNAvalidate+%2Fhome%2Fhuboqin%2Fdata%2Fclipdb2%2Fbrowse%2Ftrack%2Fhuman_miRNApredict+%2Fhome%2Fhuboqin%2Fdata%2Fclipdb2%2Fbrowse%2Ftrack%2Fhuman_RNAmod+%2Fhome%2Fhuboqin%2Fdata%2Fclipdb2%2Fbrowse%2Ftrack%2Fhuman_RNAediting+%2Fhome%2Fhuboqin%2Fdata%2Fclipdb2%2Fbrowse%2Ftrack%2Fhuman_Splicing+%2Fhome%2Fhuboqin%2Fdata%2Fclipdb2%2Fbrowse%2Ftrack%2Fhuman_ConStructure+%2Fhome%2Fhuboqin%2Fdata%2Fclipdb2%2Fbrowse%2Ftrack%2Fhuman_SNP+%2Fhome%2Fhuboqin%2Fdata%2Fclipdb2%2Fbrowse%2Ftrack%2Fhuman_GWASdb2+%2Fhome%2Fhuboqin%2Fdata%2Fclipdb2%2Fbrowse%2Ftrack%2Fhuman_ClinVar+%2Fhome%2Fhuboqin%2Fdata%2Fclipdb2%2Fbrowse%2Ftrack%2Fhuman_CancerWGS+%2Fhome%2Fhuboqin%2Fdata%2Fclipdb2%2Fbrowse%2Ftrack%2Fhuman_CancerWES+%2Fhome%2Fhuboqin%2Fdata%2Fclipdb2%2Fbrowse%2Ftrack%2Fhuman_COSMIC+%3E%3E+%2Fvar%2Fwww%2Fhtml%2Fpostar%2Fserver%2Fbrowse%2F0639924905+
[GET] localhost:4321 /submit?name=clipdb2&command=%2Fvar%2Fwww%2Fhtml%2Fpostar%2Fserver%2Fdeepbind_predict.sh+human.rbp.ids+%2Fvar%2Fwww%2Fhtml%2Fpostar%2Fserver%2Fresult%2F4460008201%2Finput.seq+0
[GET] localhost:4321 /submit?name=1524810318&command=%2Fhome%2Frme%2FRNAex%2Fresult%2F1524810292%2F%2Fcurl.sh
[GET] localhost:4321 /submit?name=clipdb2&command=%2Fvar%2Fwww%2Fhtml%2Fpostar%2Fserver%2Fdeepbind_predict.sh+human.rbp.ids+%2Fvar%2Fwww%2Fhtml%2Fpostar%2Fserver%2Fresult%2F1667100472%2Finput.seq+0
[GET] localhost:4321 /submit?name=clipdb2&command=%2Fvar%2Fwww%2Fhtml%2Fpostar%2Fserver%2Ffimo_predict.sh+human+%2Fvar%2Fwww%2Fhtml%2Fpostar%2Fserver%2Fresult%2F8699857694%2Finput.seq+0.05
[GET] localhost:4321 /submit?name=clipdb2&command=%2Fvar%2Fwww%2Fhtml%2Fpostar%2Fserver%2Ffimo_predict.sh+human+%2Fvar%2Fwww%2Fhtml%2Fpostar%2Fserver%2Fresult%2F4513600356%2Finput.seq+0.05
[GET] localhost:4321 /submit?name=clipdb2&command=%2Fvar%2Fwww%2Fhtml%2Fpostar%2Fserver%2Ffimo_predict.sh+human+%2Fvar%2Fwww%2Fhtml%2Fpostar%2Fserver%2Fresult%2F5082371037%2Finput.seq+0.05
[GET] localhost:4321 /submit?name=1524839678&command=%2Fhome%2Frme%2FRNAex%2Fresult%2F1524839619%2F%2Fcurl.sh
[GET] localhost:4321 /submit?name=clipdb2&command=%2Fvar%2Fwww%2Fhtml%2Fpostar%2Fserver%2Ffimo_predict.sh+human+%2Fvar%2Fwww%2Fhtml%2Fpostar%2Fserver%2Fresult%2F2404021313%2Finput.seq+0.05
[GET] localhost:4321 /submit?name=clipdb2&command=%2Fvar%2Fwww%2Fhtml%2Fpostar%2Fserver%2Ffimo_predict.sh+human+%2Fvar%2Fwww%2Fhtml%2Fpostar%2Fserver%2Fresult%2F6573944713%2Finput.seq+0.05
[GET] localhost:4321 /submit?name=clipdb2&command=%2Fvar%2Fwww%2Fhtml%2Fpostar%2Fserver%2Fdeepbind_predict.sh+human.rbp.ids+%2Fvar%2Fwww%2Fhtml%2Fpostar%2Fserver%2Fresult%2F4600762651%2Finput.seq+0
[GET] localhost:4321 /submit?name=clipdb2&command=%2Fvar%2Fwww%2Fhtml%2Fpostar%2Fserver%2Fdeepbind_predict.sh+human.rbp.ids+%2Fvar%2Fwww%2Fhtml%2Fpostar%2Fserver%2Fresult%2F5471706293%2Finput.seq+0
[GET] localhost:4321 /submit?name=job1&command=%2Fvar%2Fwww%2Fhtml%2FRNAfinder%2Fsubmit_job.sh+result%2F5740774440%2Finput+result%2F5740774440+human
[GET] localhost:4321 /submit?name=1524951979&command=%2Fhome%2Frme%2FRNAex%2Fresult%2F1524943761%2F%2Fcurl.sh
[GET] localhost:4321 /submit?name=clipdb2&command=%2Fvar%2Fwww%2Fhtml%2Fpostar%2Fserver%2Fdeepbind_predict.sh+human.rbp.ids+%2Fvar%2Fwww%2Fhtml%2Fpostar%2Fserver%2Fresult%2F5498760512%2Finput.seq+0
[GET] localhost:4321 /submit?name=1525202542&command=%2Fhome%2Frme%2FRNAex%2Fresult%2F1525202512%2F%2Fcurl.sh
[GET] localhost:4321 /submit?name=job1&command=%2Fvar%2Fwww%2Fhtml%2FRNAfinder%2Fsubmit_job.sh+result%2F5719716167%2Finput+result%2F5719716167+human
[GET] localhost:4321 /submit?name=job1&command=%2Fvar%2Fwww%2Fhtml%2FRNAfinder%2Fsubmit_job.sh+result%2F3390735253%2Finput+result%2F3390735253+human
[GET] localhost:4321 /submit?name=job1&command=%2Fvar%2Fwww%2Fhtml%2FRNAfinder%2Fsubmit_job.sh+result%2F1150884732%2Finput+result%2F1150884732+human
[GET] localhost:4321 /submit?name=job1&command=%2Fvar%2Fwww%2Fhtml%2FRNAfinder%2Fsubmit_job.sh+result%2F6604694866%2Finput+result%2F6604694866+human
[GET] localhost:4321 /submit?name=job1&command=%2Fvar%2Fwww%2Fhtml%2FRNAfinder%2Fsubmit_job.sh+result%2F6180473971%2Finput+result%2F6180473971+human
[GET] localhost:4321 /submit?name=job1&command=%2Fvar%2Fwww%2Fhtml%2FRNAfinder%2Fsubmit_job.sh+result%2F2504479526%2Finput+result%2F2504479526+human
[GET] localhost:4321 /submit?name=job1&command=%2Fvar%2Fwww%2Fhtml%2FRNAfinder%2Fsubmit_job.sh+result%2F2551834825%2Finput+result%2F2551834825+human
[GET] localhost:4321 /submit?name=job1&command=%2Fvar%2Fwww%2Fhtml%2FRNAfinder%2Fsubmit_job.sh+result%2F5359056145%2Finput+result%2F5359056145+human
[GET] localhost:4321 /submit?name=job1&command=%2Fvar%2Fwww%2Fhtml%2FRNAfinder%2Fsubmit_job.sh+result%2F3467832711%2Finput+result%2F3467832711+human
[GET] localhost:4321 /submit?name=job1&command=%2Fvar%2Fwww%2Fhtml%2FRNAfinder%2Fsubmit_job.sh+result%2F9185158877%2Finput+result%2F9185158877+human
[GET] localhost:4321 /submit?name=job1&command=%2Fvar%2Fwww%2Fhtml%2FRNAfinder%2Fsubmit_job.sh+result%2F9469805108%2Finput+result%2F9469805108+human
[GET] localhost:4321 /submit?name=job1&command=%2Fvar%2Fwww%2Fhtml%2FRNAfinder%2Fsubmit_job.sh+result%2F7585666380%2Finput+result%2F7585666380+human
[GET] localhost:4321 /submit?name=job1&command=%2Fvar%2Fwww%2Fhtml%2FRNAfinder%2Fsubmit_job.sh+result%2F7621720009%2Finput+result%2F7621720009+human
[GET] localhost:4321 /submit?name=job1&command=%2Fvar%2Fwww%2Fhtml%2FRNAfinder%2Fsubmit_job.sh+result%2F2149074222%2Finput+result%2F2149074222+human
[GET] localhost:4321 /submit?name=1525331257&command=%2Fhome%2Frme%2FRNAex%2Fresult%2F1525331217%2F%2Fcurl.sh
[GET] localhost:4321 /submit?name=job1&command=%2Fvar%2Fwww%2Fhtml%2FRNAfinder%2Fsubmit_job.sh+result%2F7320263043%2Finput+result%2F7320263043+human
[GET] localhost:4321 /submit?name=job1&command=%2Fvar%2Fwww%2Fhtml%2FRNAfinder%2Fsubmit_job.sh+result%2F6876356735%2Finput+result%2F6876356735+plant
[GET] localhost:4321 /submit?name=clipdb2&command=%2Fvar%2Fwww%2Fhtml%2Fpostar%2Fserver%2Ffimo_predict.sh+human+%2Fvar%2Fwww%2Fhtml%2Fpostar%2Fserver%2Fresult%2F7306811677%2Finput.seq+0.05
[GET] localhost:4321 /submit?name=clipdb2&command=%2Fvar%2Fwww%2Fhtml%2Fpostar%2Fserver%2Fdeepbind_predict.sh+human.rbp.ids+%2Fvar%2Fwww%2Fhtml%2Fpostar%2Fserver%2Fresult%2F3142735193%2Finput.seq+0
[GET] localhost:4321 /submit?name=clipdb2&command=%2Fvar%2Fwww%2Fhtml%2Fpostar%2Fserver%2Ffimo_predict.sh+human+%2Fvar%2Fwww%2Fhtml%2Fpostar%2Fserver%2Fresult%2F6634307777%2Finput.seq+0.05
[GET] localhost:4321 /submit?name=clipdb2&command=%2Fvar%2Fwww%2Fhtml%2Fpostar%2Fserver%2Ffimo_predict.sh+human+%2Fvar%2Fwww%2Fhtml%2Fpostar%2Fserver%2Fresult%2F3801688783%2Finput.seq+0.05
[GET] localhost:4321 /submit?name=clipdb2&command=%2Fvar%2Fwww%2Fhtml%2Fpostar%2Fserver%2Ffimo_predict.sh+human+%2Fvar%2Fwww%2Fhtml%2Fpostar%2Fserver%2Fresult%2F9590196507%2Finput.seq+0.05
[GET] localhost:4321 /submit?name=clipdb2&command=%2Fvar%2Fwww%2Fhtml%2Fpostar%2Fserver%2Ffimo_predict.sh+human+%2Fvar%2Fwww%2Fhtml%2Fpostar%2Fserver%2Fresult%2F4973665706%2Finput.seq+0.05
[GET] localhost:4321 /submit?name=clipdb2&command=%2Fvar%2Fwww%2Fhtml%2Fpostar%2Fserver%2Ffimo_predict.sh+human+%2Fvar%2Fwww%2Fhtml%2Fpostar%2Fserver%2Fresult%2F6905584658%2Finput.seq+0.05
[GET] localhost:4321 /submit?name=clipdb2&command=%2Fvar%2Fwww%2Fhtml%2Fpostar%2Fserver%2Ffimo_predict.sh+human+%2Fvar%2Fwww%2Fhtml%2Fpostar%2Fserver%2Fresult%2F8898487766%2Finput.seq+0.05
[GET] localhost:4321 /submit?name=clipdb2&command=%2Fvar%2Fwww%2Fhtml%2Fpostar%2Fserver%2Ffimo_predict.sh+human+%2Fvar%2Fwww%2Fhtml%2Fpostar%2Fserver%2Fresult%2F7169258031%2Finput.seq+0.05
[GET] localhost:4321 /submit?name=clipdb2&command=%2Fvar%2Fwww%2Fhtml%2Fpostar%2Fserver%2Ffimo_predict.sh+human+%2Fvar%2Fwww%2Fhtml%2Fpostar%2Fserver%2Fresult%2F8229743597%2Finput.seq+0.05
[GET] localhost:4321 /submit?name=clipdb2&command=%2Fvar%2Fwww%2Fhtml%2Fpostar%2Fserver%2Ffimo_predict.sh+human+%2Fvar%2Fwww%2Fhtml%2Fpostar%2Fserver%2Fresult%2F6999988931%2Finput.seq+0.05
[GET] localhost:4321 /submit?name=clipdb2&command=%2Fvar%2Fwww%2Fhtml%2Fpostar%2Fserver%2Ffimo_predict.sh+human+%2Fvar%2Fwww%2Fhtml%2Fpostar%2Fserver%2Fresult%2F5340819594%2Finput.seq+0.05
[GET] localhost:4321 /submit?name=clipdb2&command=%2Fvar%2Fwww%2Fhtml%2Fpostar%2Fserver%2Ffimo_predict.sh+human+%2Fvar%2Fwww%2Fhtml%2Fpostar%2Fserver%2Fresult%2F9611267012%2Finput.seq+0.05
[GET] localhost:4321 /submit?name=clipdb2&command=%2Fvar%2Fwww%2Fhtml%2Fpostar%2Fserver%2Ffimo_predict.sh+human+%2Fvar%2Fwww%2Fhtml%2Fpostar%2Fserver%2Fresult%2F9216320387%2Finput.seq+0.05
[GET] localhost:4321 /submit?name=clipdb2&command=%2Fvar%2Fwww%2Fhtml%2Fpostar%2Fserver%2Ffimo_predict.sh+human+%2Fvar%2Fwww%2Fhtml%2Fpostar%2Fserver%2Fresult%2F8546250474%2Finput.seq+0.05
[GET] localhost:4321 /submit?name=clipdb2&command=%2Fvar%2Fwww%2Fhtml%2Fpostar%2Fserver%2Ffimo_predict.sh+human+%2Fvar%2Fwww%2Fhtml%2Fpostar%2Fserver%2Fresult%2F4776089441%2Finput.seq+0.05
[GET] localhost:4321 /submit?name=clipdb2&command=%2Fvar%2Fwww%2Fhtml%2Fpostar%2Fserver%2Ffimo_predict.sh+human+%2Fvar%2Fwww%2Fhtml%2Fpostar%2Fserver%2Fresult%2F2285853185%2Finput.seq+0.05
[GET] localhost:4321 /submit?name=clipdb2&command=%2Fvar%2Fwww%2Fhtml%2Fpostar%2Fserver%2Ffimo_predict.sh+human+%2Fvar%2Fwww%2Fhtml%2Fpostar%2Fserver%2Fresult%2F4733219074%2Finput.seq+0.05
[GET] localhost:4321 /submit?name=clipdb2&command=%2Fvar%2Fwww%2Fhtml%2Fpostar%2Fserver%2Ffimo_predict.sh+human+%2Fvar%2Fwww%2Fhtml%2Fpostar%2Fserver%2Fresult%2F9481798319%2Finput.seq+0.05
[GET] localhost:4321 /submit?name=clipdb2&command=%2Fvar%2Fwww%2Fhtml%2Fpostar%2Fserver%2Ffimo_predict.sh+human+%2Fvar%2Fwww%2Fhtml%2Fpostar%2Fserver%2Fresult%2F8889353562%2Finput.seq+0.05
[GET] localhost:4321 /submit?name=clipdb2&command=%2Fvar%2Fwww%2Fhtml%2Fpostar%2Fserver%2Ffimo_predict.sh+human+%2Fvar%2Fwww%2Fhtml%2Fpostar%2Fserver%2Fresult%2F0356214729%2Finput.seq+0.05
[GET] localhost:4321 /submit?name=clipdb2&command=%2Fvar%2Fwww%2Fhtml%2Fpostar%2Fserver%2Ffimo_predict.sh+human+%2Fvar%2Fwww%2Fhtml%2Fpostar%2Fserver%2Fresult%2F2641837825%2Finput.seq+0.05
[GET] localhost:4321 /submit?name=clipdb2&command=%2Fvar%2Fwww%2Fhtml%2Fpostar%2Fserver%2Ffimo_predict.sh+human+%2Fvar%2Fwww%2Fhtml%2Fpostar%2Fserver%2Fresult%2F9284552672%2Finput.seq+0.05
[GET] localhost:4321 /submit?name=clipdb2&command=%2Fvar%2Fwww%2Fhtml%2Fpostar%2Fserver%2Ffimo_predict.sh+human+%2Fvar%2Fwww%2Fhtml%2Fpostar%2Fserver%2Fresult%2F2619955667%2Finput.seq+0.05
[GET] localhost:4321 /submit?name=clipdb2&command=%2Fvar%2Fwww%2Fhtml%2Fpostar%2Fserver%2Ffimo_predict.sh+human+%2Fvar%2Fwww%2Fhtml%2Fpostar%2Fserver%2Fresult%2F5395501715%2Finput.seq+0.05
[GET] localhost:4321 /submit?name=clipdb2&command=%2Fvar%2Fwww%2Fhtml%2Fpostar%2Fserver%2Ffimo_predict.sh+human+%2Fvar%2Fwww%2Fhtml%2Fpostar%2Fserver%2Fresult%2F6442764220%2Finput.seq+0.05
[GET] localhost:4321 /submit?name=clipdb2&command=%2Fvar%2Fwww%2Fhtml%2Fpostar%2Fserver%2Ffimo_predict.sh+human+%2Fvar%2Fwww%2Fhtml%2Fpostar%2Fserver%2Fresult%2F2304840372%2Finput.seq+0.05
[GET] localhost:4321 /submit?name=clipdb2&command=%2Fvar%2Fwww%2Fhtml%2Fpostar%2Fserver%2Ffimo_predict.sh+human+%2Fvar%2Fwww%2Fhtml%2Fpostar%2Fserver%2Fresult%2F0801048219%2Finput.seq+0.05
[GET] localhost:4321 /submit?name=clipdb2&command=%2Fvar%2Fwww%2Fhtml%2Fpostar%2Fserver%2Ffimo_predict.sh+human+%2Fvar%2Fwww%2Fhtml%2Fpostar%2Fserver%2Fresult%2F6612719224%2Finput.seq+0.05
[GET] localhost:4321 /submit?name=clipdb2&command=%2Fvar%2Fwww%2Fhtml%2Fpostar%2Fserver%2Ffimo_predict.sh+human+%2Fvar%2Fwww%2Fhtml%2Fpostar%2Fserver%2Fresult%2F9825758375%2Finput.seq+0.05
[GET] localhost:4321 /submit?name=clipdb2&command=%2Fvar%2Fwww%2Fhtml%2Fpostar%2Fserver%2Ffimo_predict.sh+human+%2Fvar%2Fwww%2Fhtml%2Fpostar%2Fserver%2Fresult%2F1120190264%2Finput.seq+0.05
[GET] localhost:4321 /submit?name=clipdb2&command=%2Fvar%2Fwww%2Fhtml%2Fpostar%2Fserver%2Ffimo_predict.sh+human+%2Fvar%2Fwww%2Fhtml%2Fpostar%2Fserver%2Fresult%2F0231970501%2Finput.seq+0.05
[GET] localhost:4321 /submit?name=clipdb2&command=%2Fvar%2Fwww%2Fhtml%2Fpostar%2Fserver%2Ffimo_predict.sh+human+%2Fvar%2Fwww%2Fhtml%2Fpostar%2Fserver%2Fresult%2F0560639558%2Finput.seq+0.05
[GET] localhost:4321 /submit?name=clipdb2&command=%2Fvar%2Fwww%2Fhtml%2Fpostar%2Fserver%2Ffimo_predict.sh+human+%2Fvar%2Fwww%2Fhtml%2Fpostar%2Fserver%2Fresult%2F6936840369%2Finput.seq+0.05
[GET] localhost:4321 /submit?name=clipdb2&command=%2Fvar%2Fwww%2Fhtml%2Fpostar%2Fserver%2Ffimo_predict.sh+human+%2Fvar%2Fwww%2Fhtml%2Fpostar%2Fserver%2Fresult%2F3458566185%2Finput.seq+0.05
[GET] localhost:4321 /submit?name=clipdb2&command=%2Fvar%2Fwww%2Fhtml%2Fpostar%2Fserver%2Ffimo_predict.sh+human+%2Fvar%2Fwww%2Fhtml%2Fpostar%2Fserver%2Fresult%2F3504460161%2Finput.seq+0.05
[GET] localhost:4321 /submit?name=clipdb2&command=%2Fvar%2Fwww%2Fhtml%2Fpostar%2Fserver%2Ffimo_predict.sh+human+%2Fvar%2Fwww%2Fhtml%2Fpostar%2Fserver%2Fresult%2F4279348061%2Finput.seq+0.05
[GET] localhost:4321 /submit?name=clipdb2&command=%2Fvar%2Fwww%2Fhtml%2Fpostar%2Fserver%2Ffimo_predict.sh+human+%2Fvar%2Fwww%2Fhtml%2Fpostar%2Fserver%2Fresult%2F7829620681%2Finput.seq+0.05
[GET] localhost:4321 /submit?name=clipdb2&command=%2Fvar%2Fwww%2Fhtml%2Fpostar%2Fserver%2Fdeepbind_predict.sh+human.rbp.ids+%2Fvar%2Fwww%2Fhtml%2Fpostar%2Fserver%2Fresult%2F4519389187%2Finput.seq+0
[GET] localhost:4321 /submit?name=clipdb2&command=%2Fvar%2Fwww%2Fhtml%2Fpostar%2Fserver%2Fdeepbind_predict.sh+human.rbp.ids+%2Fvar%2Fwww%2Fhtml%2Fpostar%2Fserver%2Fresult%2F1219795271%2Finput.seq+0
[GET] localhost:4321 /submit?name=clipdb2&command=%2Fvar%2Fwww%2Fhtml%2Fpostar%2Fserver%2Ffimo_predict.sh+human+%2Fvar%2Fwww%2Fhtml%2Fpostar%2Fserver%2Fresult%2F6434976175%2Finput.seq+0.05
[GET] localhost:4321 /submit?name=clipdb2&command=%2Fvar%2Fwww%2Fhtml%2Fpostar%2Fserver%2Ffimo_predict.sh+human+%2Fvar%2Fwww%2Fhtml%2Fpostar%2Fserver%2Fresult%2F3872510565%2Finput.seq+0.05
[GET] localhost:4321 /submit?name=clipdb2&command=%2Fvar%2Fwww%2Fhtml%2Fpostar%2Fserver%2Ffimo_predict.sh+human+%2Fvar%2Fwww%2Fhtml%2Fpostar%2Fserver%2Fresult%2F6036949607%2Finput.seq+0.05
[GET] localhost:4321 /submit?name=clipdb2&command=%2Fvar%2Fwww%2Fhtml%2Fpostar%2Fserver%2Ffimo_predict.sh+human+%2Fvar%2Fwww%2Fhtml%2Fpostar%2Fserver%2Fresult%2F4014550576%2Finput.seq+0.05
[GET] localhost:4321 /submit?name=clipdb2&command=%2Fvar%2Fwww%2Fhtml%2Fpostar%2Fserver%2Ffimo_predict.sh+human+%2Fvar%2Fwww%2Fhtml%2Fpostar%2Fserver%2Fresult%2F6276744803%2Finput.seq+0.05
[GET] localhost:4321 /submit?name=clipdb2&command=%2Fvar%2Fwww%2Fhtml%2Fpostar%2Fserver%2Ffimo_predict.sh+human+%2Fvar%2Fwww%2Fhtml%2Fpostar%2Fserver%2Fresult%2F4817225004%2Finput.seq+0.05
[GET] localhost:4321 /submit?name=clipdb2&command=%2Fvar%2Fwww%2Fhtml%2Fpostar%2Fserver%2Ffimo_predict.sh+human+%2Fvar%2Fwww%2Fhtml%2Fpostar%2Fserver%2Fresult%2F0745972961%2Finput.seq+0.05
[GET] localhost:4321 /submit?name=clipdb2&command=%2Fvar%2Fwww%2Fhtml%2Fpostar%2Fserver%2Ffimo_predict.sh+human+%2Fvar%2Fwww%2Fhtml%2Fpostar%2Fserver%2Fresult%2F9305500677%2Finput.seq+0.05
[GET] localhost:4321 /submit?name=clipdb2&command=%2Fvar%2Fwww%2Fhtml%2Fpostar%2Fserver%2Ffimo_predict.sh+human+%2Fvar%2Fwww%2Fhtml%2Fpostar%2Fserver%2Fresult%2F4580877988%2Finput.seq+0.05
[GET] localhost:4321 /submit?name=clipdb2&command=%2Fvar%2Fwww%2Fhtml%2Fpostar%2Fserver%2Ffimo_predict.sh+human+%2Fvar%2Fwww%2Fhtml%2Fpostar%2Fserver%2Fresult%2F3638778849%2Finput.seq+0.05
[GET] localhost:4321 /submit?name=clipdb2&command=%2Fvar%2Fwww%2Fhtml%2Fpostar%2Fserver%2Ffimo_predict.sh+human+%2Fvar%2Fwww%2Fhtml%2Fpostar%2Fserver%2Fresult%2F7467809873%2Finput.seq+0.05
[GET] localhost:4321 /submit?name=clipdb2&command=%2Fvar%2Fwww%2Fhtml%2Fpostar%2Fserver%2Ffimo_predict.sh+human+%2Fvar%2Fwww%2Fhtml%2Fpostar%2Fserver%2Fresult%2F1024076262%2Finput.seq+0.05
[GET] localhost:4321 /submit?name=clipdb2&command=%2Fvar%2Fwww%2Fhtml%2Fpostar%2Fserver%2Ffimo_predict.sh+human+%2Fvar%2Fwww%2Fhtml%2Fpostar%2Fserver%2Fresult%2F5310211586%2Finput.seq+0.05
[GET] localhost:4321 /submit?name=clipdb2&command=%2Fvar%2Fwww%2Fhtml%2Fpostar%2Fserver%2Ffimo_predict.sh+human+%2Fvar%2Fwww%2Fhtml%2Fpostar%2Fserver%2Fresult%2F9994591026%2Finput.seq+0.05
[GET] localhost:4321 /submit?name=clipdb2&command=%2Fvar%2Fwww%2Fhtml%2Fpostar%2Fserver%2Ffimo_predict.sh+human+%2Fvar%2Fwww%2Fhtml%2Fpostar%2Fserver%2Fresult%2F5999060799%2Finput.seq+0.05
[GET] localhost:4321 /submit?name=clipdb2&command=%2Fvar%2Fwww%2Fhtml%2Fpostar%2Fserver%2Ffimo_predict.sh+human+%2Fvar%2Fwww%2Fhtml%2Fpostar%2Fserver%2Fresult%2F3317060174%2Finput.seq+0.05
[GET] localhost:4321 /submit?name=clipdb2&command=%2Fvar%2Fwww%2Fhtml%2Fpostar%2Fserver%2Ffimo_predict.sh+human+%2Fvar%2Fwww%2Fhtml%2Fpostar%2Fserver%2Fresult%2F3505762962%2Finput.seq+0.05
[GET] localhost:4321 /submit?name=clipdb2&command=%2Fvar%2Fwww%2Fhtml%2Fpostar%2Fserver%2Ffimo_predict.sh+human+%2Fvar%2Fwww%2Fhtml%2Fpostar%2Fserver%2Fresult%2F6410737366%2Finput.seq+0.05
[GET] localhost:4321 /submit?name=clipdb2&command=%2Fvar%2Fwww%2Fhtml%2Fpostar%2Fserver%2Ffimo_predict.sh+human+%2Fvar%2Fwww%2Fhtml%2Fpostar%2Fserver%2Fresult%2F3128926815%2Finput.seq+0.05
[GET] localhost:4321 /submit?name=clipdb2&command=%2Fvar%2Fwww%2Fhtml%2Fpostar%2Fserver%2Ffimo_predict.sh+human+%2Fvar%2Fwww%2Fhtml%2Fpostar%2Fserver%2Fresult%2F6619646955%2Finput.seq+0.05
[GET] localhost:4321 /submit?name=clipdb2&command=%2Fvar%2Fwww%2Fhtml%2Fpostar%2Fserver%2Ffimo_predict.sh+human+%2Fvar%2Fwww%2Fhtml%2Fpostar%2Fserver%2Fresult%2F5512102296%2Finput.seq+0.05
[GET] localhost:4321 /submit?name=clipdb2&command=%2Fvar%2Fwww%2Fhtml%2Fpostar%2Fserver%2Ffimo_predict.sh+human+%2Fvar%2Fwww%2Fhtml%2Fpostar%2Fserver%2Fresult%2F8293539255%2Finput.seq+0.05
[GET] localhost:4321 /submit?name=clipdb2&command=%2Fvar%2Fwww%2Fhtml%2Fpostar%2Fserver%2Ffimo_predict.sh+human+%2Fvar%2Fwww%2Fhtml%2Fpostar%2Fserver%2Fresult%2F8138640943%2Finput.seq+0.05
[GET] localhost:4321 /submit?name=clipdb2&command=%2Fvar%2Fwww%2Fhtml%2Fpostar%2Fserver%2Ffimo_predict.sh+human+%2Fvar%2Fwww%2Fhtml%2Fpostar%2Fserver%2Fresult%2F7506866680%2Finput.seq+0.05
[GET] localhost:4321 /submit?name=clipdb2&command=%2Fvar%2Fwww%2Fhtml%2Fpostar%2Fserver%2Ffimo_predict.sh+human+%2Fvar%2Fwww%2Fhtml%2Fpostar%2Fserver%2Fresult%2F7670012897%2Finput.seq+0.05
[GET] localhost:4321 /submit?name=clipdb2&command=%2Fvar%2Fwww%2Fhtml%2Fpostar%2Fserver%2Ffimo_predict.sh+human+%2Fvar%2Fwww%2Fhtml%2Fpostar%2Fserver%2Fresult%2F5087339157%2Finput.seq+0.05
[GET] localhost:4321 /submit?name=clipdb2&command=%2Fvar%2Fwww%2Fhtml%2Fpostar%2Fserver%2Ffimo_predict.sh+human+%2Fvar%2Fwww%2Fhtml%2Fpostar%2Fserver%2Fresult%2F5162894705%2Finput.seq+0.05
[GET] localhost:4321 /submit?name=clipdb2&command=%2Fvar%2Fwww%2Fhtml%2Fpostar%2Fserver%2Ffimo_predict.sh+human+%2Fvar%2Fwww%2Fhtml%2Fpostar%2Fserver%2Fresult%2F6843203947%2Finput.seq+0.05
[GET] localhost:4321 /submit?name=clipdb2&command=%2Fvar%2Fwww%2Fhtml%2Fpostar%2Fserver%2Ffimo_predict.sh+human+%2Fvar%2Fwww%2Fhtml%2Fpostar%2Fserver%2Fresult%2F7360379578%2Finput.seq+0.05
[GET] localhost:4321 /submit?name=clipdb2&command=%2Fvar%2Fwww%2Fhtml%2Fpostar%2Fserver%2Ffimo_predict.sh+human+%2Fvar%2Fwww%2Fhtml%2Fpostar%2Fserver%2Fresult%2F7373250376%2Finput.seq+0.05
[GET] localhost:4321 /submit?name=clipdb2&command=%2Fvar%2Fwww%2Fhtml%2Fpostar%2Fserver%2Ffimo_predict.sh+human+%2Fvar%2Fwww%2Fhtml%2Fpostar%2Fserver%2Fresult%2F2955875954%2Finput.seq+0.05
[GET] localhost:4321 /submit?name=clipdb2&command=%2Fvar%2Fwww%2Fhtml%2Fpostar%2Fserver%2Ffimo_predict.sh+human+%2Fvar%2Fwww%2Fhtml%2Fpostar%2Fserver%2Fresult%2F0283944076%2Finput.seq+0.05
[GET] localhost:4321 /submit?name=clipdb2&command=%2Fvar%2Fwww%2Fhtml%2Fpostar%2Fserver%2Ffimo_predict.sh+human+%2Fvar%2Fwww%2Fhtml%2Fpostar%2Fserver%2Fresult%2F9823014182%2Finput.seq+0.05
[GET] localhost:4321 /submit?name=clipdb2&command=%2Fvar%2Fwww%2Fhtml%2Fpostar%2Fserver%2Ffimo_predict.sh+human+%2Fvar%2Fwww%2Fhtml%2Fpostar%2Fserver%2Fresult%2F2793134438%2Finput.seq+0.05
[GET] localhost:4321 /submit?name=clipdb2&command=%2Fvar%2Fwww%2Fhtml%2Fpostar%2Fserver%2Ffimo_predict.sh+human+%2Fvar%2Fwww%2Fhtml%2Fpostar%2Fserver%2Fresult%2F1334598714%2Finput.seq+0.05
[GET] localhost:4321 /submit?name=clipdb2&command=%2Fvar%2Fwww%2Fhtml%2Fpostar%2Fserver%2Ffimo_predict.sh+human+%2Fvar%2Fwww%2Fhtml%2Fpostar%2Fserver%2Fresult%2F2898148290%2Finput.seq+0.05
[GET] localhost:4321 /submit?name=clipdb2&command=%2Fvar%2Fwww%2Fhtml%2Fpostar%2Fserver%2Ffimo_predict.sh+human+%2Fvar%2Fwww%2Fhtml%2Fpostar%2Fserver%2Fresult%2F8757090102%2Finput.seq+0.05
[GET] localhost:4321 /submit?name=clipdb2&command=%2Fvar%2Fwww%2Fhtml%2Fpostar%2Fserver%2Ffimo_predict.sh+human+%2Fvar%2Fwww%2Fhtml%2Fpostar%2Fserver%2Fresult%2F3828330375%2Finput.seq+0.05
[GET] localhost:4321 /submit?name=clipdb2&command=%2Fvar%2Fwww%2Fhtml%2Fpostar%2Fserver%2Ffimo_predict.sh+human+%2Fvar%2Fwww%2Fhtml%2Fpostar%2Fserver%2Fresult%2F1916307599%2Finput.seq+0.05
[GET] localhost:4321 /submit?name=clipdb2&command=%2Fvar%2Fwww%2Fhtml%2Fpostar%2Fserver%2Ffimo_predict.sh+human+%2Fvar%2Fwww%2Fhtml%2Fpostar%2Fserver%2Fresult%2F6037411631%2Finput.seq+0.05
[GET] localhost:4321 /submit?name=clipdb2&command=%2Fvar%2Fwww%2Fhtml%2Fpostar%2Fserver%2Ffimo_predict.sh+human+%2Fvar%2Fwww%2Fhtml%2Fpostar%2Fserver%2Fresult%2F2205191993%2Finput.seq+0.05
[GET] localhost:4321 /submit?name=clipdb2&command=%2Fvar%2Fwww%2Fhtml%2Fpostar%2Fserver%2Ffimo_predict.sh+human+%2Fvar%2Fwww%2Fhtml%2Fpostar%2Fserver%2Fresult%2F5224552808%2Finput.seq+0.05
[GET] localhost:4321 /submit?name=clipdb2&command=%2Fvar%2Fwww%2Fhtml%2Fpostar%2Fserver%2Ffimo_predict.sh+human+%2Fvar%2Fwww%2Fhtml%2Fpostar%2Fserver%2Fresult%2F8780976573%2Finput.seq+0.05
[GET] localhost:4321 /submit?name=clipdb2&command=%2Fvar%2Fwww%2Fhtml%2Fpostar%2Fserver%2Ffimo_predict.sh+human+%2Fvar%2Fwww%2Fhtml%2Fpostar%2Fserver%2Fresult%2F6842107409%2Finput.seq+0.05
[GET] localhost:4321 /submit?name=clipdb2&command=%2Fvar%2Fwww%2Fhtml%2Fpostar%2Fserver%2Ffimo_predict.sh+human+%2Fvar%2Fwww%2Fhtml%2Fpostar%2Fserver%2Fresult%2F2120192646%2Finput.seq+0.05
[GET] localhost:4321 /submit?name=clipdb2&command=%2Fvar%2Fwww%2Fhtml%2Fpostar%2Fserver%2Ffimo_predict.sh+human+%2Fvar%2Fwww%2Fhtml%2Fpostar%2Fserver%2Fresult%2F0071513823%2Finput.seq+0.05
[GET] localhost:4321 /submit?name=clipdb2&command=%2Fvar%2Fwww%2Fhtml%2Fpostar%2Fserver%2Ffimo_predict.sh+human+%2Fvar%2Fwww%2Fhtml%2Fpostar%2Fserver%2Fresult%2F3014781388%2Finput.seq+0.05
[GET] localhost:4321 /submit?name=clipdb2&command=%2Fvar%2Fwww%2Fhtml%2Fpostar%2Fserver%2Ffimo_predict.sh+human+%2Fvar%2Fwww%2Fhtml%2Fpostar%2Fserver%2Fresult%2F5210774757%2Finput.seq+0.05
[GET] localhost:4321 /submit?name=clipdb2&command=%2Fvar%2Fwww%2Fhtml%2Fpostar%2Fserver%2Ffimo_predict.sh+human+%2Fvar%2Fwww%2Fhtml%2Fpostar%2Fserver%2Fresult%2F3110026260%2Finput.seq+0.05
[GET] localhost:4321 /submit?name=clipdb2&command=%2Fvar%2Fwww%2Fhtml%2Fpostar%2Fserver%2Ffimo_predict.sh+human+%2Fvar%2Fwww%2Fhtml%2Fpostar%2Fserver%2Fresult%2F3315569413%2Finput.seq+0.05
[GET] localhost:4321 /submit?name=clipdb2&command=%2Fvar%2Fwww%2Fhtml%2Fpostar%2Fserver%2Ffimo_predict.sh+human+%2Fvar%2Fwww%2Fhtml%2Fpostar%2Fserver%2Fresult%2F2108893976%2Finput.seq+0.05
[GET] localhost:4321 /submit?name=clipdb2&command=%2Fvar%2Fwww%2Fhtml%2Fpostar%2Fserver%2Ffimo_predict.sh+human+%2Fvar%2Fwww%2Fhtml%2Fpostar%2Fserver%2Fresult%2F6346870945%2Finput.seq+0.05
[GET] localhost:4321 /submit?name=clipdb2&command=%2Fvar%2Fwww%2Fhtml%2Fpostar%2Fserver%2Ffimo_predict.sh+human+%2Fvar%2Fwww%2Fhtml%2Fpostar%2Fserver%2Fresult%2F0077859049%2Finput.seq+0.05
[GET] localhost:4321 /submit?name=clipdb2&command=%2Fvar%2Fwww%2Fhtml%2Fpostar%2Fserver%2Ffimo_predict.sh+human+%2Fvar%2Fwww%2Fhtml%2Fpostar%2Fserver%2Fresult%2F7502510924%2Finput.seq+0.05
[GET] localhost:4321 /submit?name=clipdb2&command=%2Fvar%2Fwww%2Fhtml%2Fpostar%2Fserver%2Ffimo_predict.sh+human+%2Fvar%2Fwww%2Fhtml%2Fpostar%2Fserver%2Fresult%2F4362120753%2Finput.seq+0.05
[GET] localhost:4321 /submit?name=clipdb2&command=%2Fvar%2Fwww%2Fhtml%2Fpostar%2Fserver%2Ffimo_predict.sh+human+%2Fvar%2Fwww%2Fhtml%2Fpostar%2Fserver%2Fresult%2F5515801443%2Finput.seq+0.05
[GET] localhost:4321 /submit?name=clipdb2&command=%2Fvar%2Fwww%2Fhtml%2Fpostar%2Fserver%2Ffimo_predict.sh+human+%2Fvar%2Fwww%2Fhtml%2Fpostar%2Fserver%2Fresult%2F1515249243%2Finput.seq+0.05
[GET] localhost:4321 /submit?name=clipdb2&command=%2Fvar%2Fwww%2Fhtml%2Fpostar%2Fserver%2Ffimo_predict.sh+human+%2Fvar%2Fwww%2Fhtml%2Fpostar%2Fserver%2Fresult%2F1498365168%2Finput.seq+0.05
[GET] localhost:4321 /submit?name=clipdb2&command=%2Fvar%2Fwww%2Fhtml%2Fpostar%2Fserver%2Ffimo_predict.sh+human+%2Fvar%2Fwww%2Fhtml%2Fpostar%2Fserver%2Fresult%2F3220944240%2Finput.seq+0.05
[GET] localhost:4321 /submit?name=clipdb2&command=%2Fvar%2Fwww%2Fhtml%2Fpostar%2Fserver%2Ffimo_predict.sh+human+%2Fvar%2Fwww%2Fhtml%2Fpostar%2Fserver%2Fresult%2F6906712799%2Finput.seq+0.05
[GET] localhost:4321 /submit?name=clipdb2&command=%2Fvar%2Fwww%2Fhtml%2Fpostar%2Fserver%2Ffimo_predict.sh+human+%2Fvar%2Fwww%2Fhtml%2Fpostar%2Fserver%2Fresult%2F1740415388%2Finput.seq+0.05
[GET] localhost:4321 /submit?name=clipdb2&command=%2Fvar%2Fwww%2Fhtml%2Fpostar%2Fserver%2Ffimo_predict.sh+human+%2Fvar%2Fwww%2Fhtml%2Fpostar%2Fserver%2Fresult%2F1401410075%2Finput.seq+0.05
[GET] localhost:4321 /submit?name=clipdb2&command=%2Fvar%2Fwww%2Fhtml%2Fpostar%2Fserver%2Ffimo_predict.sh+human+%2Fvar%2Fwww%2Fhtml%2Fpostar%2Fserver%2Fresult%2F2278502562%2Finput.seq+0.05
[GET] localhost:4321 /submit?name=clipdb2&command=%2Fvar%2Fwww%2Fhtml%2Fpostar%2Fserver%2Ffimo_predict.sh+human+%2Fvar%2Fwww%2Fhtml%2Fpostar%2Fserver%2Fresult%2F1764800924%2Finput.seq+0.05
[GET] localhost:4321 /submit?name=clipdb2&command=%2Fvar%2Fwww%2Fhtml%2Fpostar%2Fserver%2Ffimo_predict.sh+human+%2Fvar%2Fwww%2Fhtml%2Fpostar%2Fserver%2Fresult%2F2978967356%2Finput.seq+0.05
[GET] localhost:4321 /submit?name=clipdb2&command=%2Fvar%2Fwww%2Fhtml%2Fpostar%2Fserver%2Ffimo_predict.sh+human+%2Fvar%2Fwww%2Fhtml%2Fpostar%2Fserver%2Fresult%2F5715172918%2Finput.seq+0.05
[GET] localhost:4321 /submit?name=clipdb2&command=%2Fvar%2Fwww%2Fhtml%2Fpostar%2Fserver%2Ffimo_predict.sh+human+%2Fvar%2Fwww%2Fhtml%2Fpostar%2Fserver%2Fresult%2F3733918082%2Finput.seq+0.05
[GET] localhost:4321 /submit?name=clipdb2&command=%2Fvar%2Fwww%2Fhtml%2Fpostar%2Fserver%2Ffimo_predict.sh+human+%2Fvar%2Fwww%2Fhtml%2Fpostar%2Fserver%2Fresult%2F4693467077%2Finput.seq+0.05
[GET] localhost:4321 /submit?name=clipdb2&command=%2Fvar%2Fwww%2Fhtml%2Fpostar%2Fserver%2Ffimo_predict.sh+human+%2Fvar%2Fwww%2Fhtml%2Fpostar%2Fserver%2Fresult%2F4167698797%2Finput.seq+0.05
[GET] localhost:4321 /submit?name=clipdb2&command=%2Fvar%2Fwww%2Fhtml%2Fpostar%2Fserver%2Ffimo_predict.sh+human+%2Fvar%2Fwww%2Fhtml%2Fpostar%2Fserver%2Fresult%2F1182210719%2Finput.seq+0.05
[GET] localhost:4321 /submit?name=clipdb2&command=%2Fvar%2Fwww%2Fhtml%2Fpostar%2Fserver%2Ffimo_predict.sh+human+%2Fvar%2Fwww%2Fhtml%2Fpostar%2Fserver%2Fresult%2F0306311378%2Finput.seq+0.05
[GET] localhost:4321 /submit?name=clipdb2&command=%2Fvar%2Fwww%2Fhtml%2Fpostar%2Fserver%2Ffimo_predict.sh+human+%2Fvar%2Fwww%2Fhtml%2Fpostar%2Fserver%2Fresult%2F4641425738%2Finput.seq+0.05
[GET] localhost:4321 /submit?name=clipdb2&command=%2Fvar%2Fwww%2Fhtml%2Fpostar%2Fserver%2Ffimo_predict.sh+human+%2Fvar%2Fwww%2Fhtml%2Fpostar%2Fserver%2Fresult%2F5338531164%2Finput.seq+0.05
[GET] localhost:4321 /submit?name=clipdb2&command=%2Fvar%2Fwww%2Fhtml%2Fpostar%2Fserver%2Ffimo_predict.sh+human+%2Fvar%2Fwww%2Fhtml%2Fpostar%2Fserver%2Fresult%2F6311807910%2Finput.seq+0.05
[GET] localhost:4321 /submit?name=clipdb2&command=%2Fvar%2Fwww%2Fhtml%2Fpostar%2Fserver%2Ffimo_predict.sh+human+%2Fvar%2Fwww%2Fhtml%2Fpostar%2Fserver%2Fresult%2F3472702883%2Finput.seq+0.05
[GET] localhost:4321 /submit?name=clipdb2&command=%2Fvar%2Fwww%2Fhtml%2Fpostar%2Fserver%2Ffimo_predict.sh+human+%2Fvar%2Fwww%2Fhtml%2Fpostar%2Fserver%2Fresult%2F8544381427%2Finput.seq+0.05
[GET] localhost:4321 /submit?name=clipdb2&command=%2Fvar%2Fwww%2Fhtml%2Fpostar%2Fserver%2Ffimo_predict.sh+human+%2Fvar%2Fwww%2Fhtml%2Fpostar%2Fserver%2Fresult%2F6082120896%2Finput.seq+0.05
[GET] localhost:4321 /submit?name=clipdb2&command=%2Fvar%2Fwww%2Fhtml%2Fpostar%2Fserver%2Ffimo_predict.sh+human+%2Fvar%2Fwww%2Fhtml%2Fpostar%2Fserver%2Fresult%2F1045547687%2Finput.seq+0.05
[GET] localhost:4321 /submit?name=clipdb2&command=%2Fvar%2Fwww%2Fhtml%2Fpostar%2Fserver%2Ffimo_predict.sh+human+%2Fvar%2Fwww%2Fhtml%2Fpostar%2Fserver%2Fresult%2F2033113728%2Finput.seq+0.05
[GET] localhost:4321 /submit?name=clipdb2&command=%2Fvar%2Fwww%2Fhtml%2Fpostar%2Fserver%2Ffimo_predict.sh+human+%2Fvar%2Fwww%2Fhtml%2Fpostar%2Fserver%2Fresult%2F7696425734%2Finput.seq+0.05
[GET] localhost:4321 /submit?name=clipdb2&command=%2Fvar%2Fwww%2Fhtml%2Fpostar%2Fserver%2Ffimo_predict.sh+human+%2Fvar%2Fwww%2Fhtml%2Fpostar%2Fserver%2Fresult%2F4874817477%2Finput.seq+0.05
[GET] localhost:4321 /submit?name=clipdb2&command=%2Fvar%2Fwww%2Fhtml%2Fpostar%2Fserver%2Ffimo_predict.sh+human+%2Fvar%2Fwww%2Fhtml%2Fpostar%2Fserver%2Fresult%2F8218381980%2Finput.seq+0.05
[GET] localhost:4321 /submit?name=clipdb2&command=%2Fvar%2Fwww%2Fhtml%2Fpostar%2Fserver%2Ffimo_predict.sh+human+%2Fvar%2Fwww%2Fhtml%2Fpostar%2Fserver%2Fresult%2F3928043527%2Finput.seq+0.05
[GET] localhost:4321 /submit?name=clipdb2&command=%2Fvar%2Fwww%2Fhtml%2Fpostar%2Fserver%2Ffimo_predict.sh+human+%2Fvar%2Fwww%2Fhtml%2Fpostar%2Fserver%2Fresult%2F0309025319%2Finput.seq+0.05
[GET] localhost:4321 /submit?name=clipdb2&command=%2Fvar%2Fwww%2Fhtml%2Fpostar%2Fserver%2Ffimo_predict.sh+human+%2Fvar%2Fwww%2Fhtml%2Fpostar%2Fserver%2Fresult%2F6791950948%2Finput.seq+0.05
[GET] localhost:4321 /submit?name=clipdb2&command=%2Fvar%2Fwww%2Fhtml%2Fpostar%2Fserver%2Ffimo_predict.sh+human+%2Fvar%2Fwww%2Fhtml%2Fpostar%2Fserver%2Fresult%2F4527491531%2Finput.seq+0.05
[GET] localhost:4321 /submit?name=clipdb2&command=%2Fvar%2Fwww%2Fhtml%2Fpostar%2Fserver%2Ffimo_predict.sh+human+%2Fvar%2Fwww%2Fhtml%2Fpostar%2Fserver%2Fresult%2F9876753988%2Finput.seq+0.05
[GET] localhost:4321 /submit?name=clipdb2&command=%2Fvar%2Fwww%2Fhtml%2Fpostar%2Fserver%2Ffimo_predict.sh+human+%2Fvar%2Fwww%2Fhtml%2Fpostar%2Fserver%2Fresult%2F9641654648%2Finput.seq+0.05
[GET] localhost:4321 /submit?name=clipdb2&command=%2Fvar%2Fwww%2Fhtml%2Fpostar%2Fserver%2Ffimo_predict.sh+human+%2Fvar%2Fwww%2Fhtml%2Fpostar%2Fserver%2Fresult%2F8172514101%2Finput.seq+0.05
[GET] localhost:4321 /submit?name=clipdb2&command=%2Fvar%2Fwww%2Fhtml%2Fpostar%2Fserver%2Ffimo_predict.sh+human+%2Fvar%2Fwww%2Fhtml%2Fpostar%2Fserver%2Fresult%2F4491870956%2Finput.seq+0.05
[GET] localhost:4321 /submit?name=clipdb2&command=%2Fvar%2Fwww%2Fhtml%2Fpostar%2Fserver%2Ffimo_predict.sh+human+%2Fvar%2Fwww%2Fhtml%2Fpostar%2Fserver%2Fresult%2F3421969390%2Finput.seq+0.05
[GET] localhost:4321 /submit?name=clipdb2&command=%2Fvar%2Fwww%2Fhtml%2Fpostar%2Fserver%2Ffimo_predict.sh+human+%2Fvar%2Fwww%2Fhtml%2Fpostar%2Fserver%2Fresult%2F5872839221%2Finput.seq+0.05
[GET] localhost:4321 /submit?name=clipdb2&command=%2Fvar%2Fwww%2Fhtml%2Fpostar%2Fserver%2Ffimo_predict.sh+human+%2Fvar%2Fwww%2Fhtml%2Fpostar%2Fserver%2Fresult%2F1750038204%2Finput.seq+0.05
[GET] localhost:4321 /submit?name=clipdb2&command=%2Fvar%2Fwww%2Fhtml%2Fpostar%2Fserver%2Ffimo_predict.sh+human+%2Fvar%2Fwww%2Fhtml%2Fpostar%2Fserver%2Fresult%2F3321249702%2Finput.seq+0.05
[GET] localhost:4321 /submit?name=clipdb2&command=%2Fvar%2Fwww%2Fhtml%2Fpostar%2Fserver%2Ffimo_predict.sh+human+%2Fvar%2Fwww%2Fhtml%2Fpostar%2Fserver%2Fresult%2F8280153316%2Finput.seq+0.05
[GET] localhost:4321 /submit?name=clipdb2&command=%2Fvar%2Fwww%2Fhtml%2Fpostar%2Fserver%2Ffimo_predict.sh+human+%2Fvar%2Fwww%2Fhtml%2Fpostar%2Fserver%2Fresult%2F8590341592%2Finput.seq+0.05
[GET] localhost:4321 /submit?name=clipdb2&command=%2Fvar%2Fwww%2Fhtml%2Fpostar%2Fserver%2Ffimo_predict.sh+human+%2Fvar%2Fwww%2Fhtml%2Fpostar%2Fserver%2Fresult%2F2912259220%2Finput.seq+0.05
[GET] localhost:4321 /submit?name=clipdb2&command=%2Fvar%2Fwww%2Fhtml%2Fpostar%2Fserver%2Ffimo_predict.sh+human+%2Fvar%2Fwww%2Fhtml%2Fpostar%2Fserver%2Fresult%2F6687987258%2Finput.seq+0.05
[GET] localhost:4321 /submit?name=clipdb2&command=%2Fvar%2Fwww%2Fhtml%2Fpostar%2Fserver%2Ffimo_predict.sh+human+%2Fvar%2Fwww%2Fhtml%2Fpostar%2Fserver%2Fresult%2F5468401416%2Finput.seq+0.05
[GET] localhost:4321 /submit?name=clipdb2&command=%2Fvar%2Fwww%2Fhtml%2Fpostar%2Fserver%2Ffimo_predict.sh+human+%2Fvar%2Fwww%2Fhtml%2Fpostar%2Fserver%2Fresult%2F6167423307%2Finput.seq+0.05
[GET] localhost:4321 /submit?name=clipdb2&command=%2Fvar%2Fwww%2Fhtml%2Fpostar%2Fserver%2Ffimo_predict.sh+human+%2Fvar%2Fwww%2Fhtml%2Fpostar%2Fserver%2Fresult%2F8593431546%2Finput.seq+0.05
[GET] localhost:4321 /submit?name=clipdb2&command=%2Fvar%2Fwww%2Fhtml%2Fpostar%2Fserver%2Ffimo_predict.sh+human+%2Fvar%2Fwww%2Fhtml%2Fpostar%2Fserver%2Fresult%2F2048809012%2Finput.seq+0.05
[GET] localhost:4321 /submit?name=clipdb2&command=%2Fvar%2Fwww%2Fhtml%2Fpostar%2Fserver%2Ffimo_predict.sh+human+%2Fvar%2Fwww%2Fhtml%2Fpostar%2Fserver%2Fresult%2F5743883862%2Finput.seq+0.05
[GET] localhost:4321 /submit?name=clipdb2&command=%2Fvar%2Fwww%2Fhtml%2Fpostar%2Fserver%2Ffimo_predict.sh+human+%2Fvar%2Fwww%2Fhtml%2Fpostar%2Fserver%2Fresult%2F6280230509%2Finput.seq+0.05
[GET] localhost:4321 /submit?name=clipdb2&command=%2Fvar%2Fwww%2Fhtml%2Fpostar%2Fserver%2Ffimo_predict.sh+human+%2Fvar%2Fwww%2Fhtml%2Fpostar%2Fserver%2Fresult%2F1116792531%2Finput.seq+0.05
[GET] localhost:4321 /submit?name=clipdb2&command=%2Fvar%2Fwww%2Fhtml%2Fpostar%2Fserver%2Ffimo_predict.sh+human+%2Fvar%2Fwww%2Fhtml%2Fpostar%2Fserver%2Fresult%2F4846429765%2Finput.seq+0.05
[GET] localhost:4321 /submit?name=clipdb2&command=%2Fvar%2Fwww%2Fhtml%2Fpostar%2Fserver%2Ffimo_predict.sh+human+%2Fvar%2Fwww%2Fhtml%2Fpostar%2Fserver%2Fresult%2F9664032378%2Finput.seq+0.05
[GET] localhost:4321 /submit?name=clipdb2&command=%2Fvar%2Fwww%2Fhtml%2Fpostar%2Fserver%2Ffimo_predict.sh+human+%2Fvar%2Fwww%2Fhtml%2Fpostar%2Fserver%2Fresult%2F2759378802%2Finput.seq+0.05
[GET] localhost:4321 /submit?name=clipdb2&command=%2Fvar%2Fwww%2Fhtml%2Fpostar%2Fserver%2Ffimo_predict.sh+human+%2Fvar%2Fwww%2Fhtml%2Fpostar%2Fserver%2Fresult%2F9272164998%2Finput.seq+0.05
[GET] localhost:4321 /submit?name=clipdb2&command=%2Fvar%2Fwww%2Fhtml%2Fpostar%2Fserver%2Ffimo_predict.sh+human+%2Fvar%2Fwww%2Fhtml%2Fpostar%2Fserver%2Fresult%2F2778376828%2Finput.seq+0.05
[GET] localhost:4321 /submit?name=clipdb2&command=%2Fvar%2Fwww%2Fhtml%2Fpostar%2Fserver%2Ffimo_predict.sh+human+%2Fvar%2Fwww%2Fhtml%2Fpostar%2Fserver%2Fresult%2F6168749255%2Finput.seq+0.05
[GET] localhost:4321 /submit?name=clipdb2&command=%2Fvar%2Fwww%2Fhtml%2Fpostar%2Fserver%2Ffimo_predict.sh+human+%2Fvar%2Fwww%2Fhtml%2Fpostar%2Fserver%2Fresult%2F3510494628%2Finput.seq+0.05
[GET] localhost:4321 /submit?name=clipdb2&command=%2Fvar%2Fwww%2Fhtml%2Fpostar%2Fserver%2Ffimo_predict.sh+human+%2Fvar%2Fwww%2Fhtml%2Fpostar%2Fserver%2Fresult%2F1316660336%2Finput.seq+0.05
[GET] localhost:4321 /submit?name=clipdb2&command=%2Fvar%2Fwww%2Fhtml%2Fpostar%2Fserver%2Ffimo_predict.sh+human+%2Fvar%2Fwww%2Fhtml%2Fpostar%2Fserver%2Fresult%2F6906032990%2Finput.seq+0.05
[GET] localhost:4321 /submit?name=clipdb2&command=%2Fvar%2Fwww%2Fhtml%2Fpostar%2Fserver%2Ffimo_predict.sh+human+%2Fvar%2Fwww%2Fhtml%2Fpostar%2Fserver%2Fresult%2F2729059285%2Finput.seq+0.05
[GET] localhost:4321 /submit?name=clipdb2&command=%2Fvar%2Fwww%2Fhtml%2Fpostar%2Fserver%2Ffimo_predict.sh+human+%2Fvar%2Fwww%2Fhtml%2Fpostar%2Fserver%2Fresult%2F3186750498%2Finput.seq+0.05
[GET] localhost:4321 /submit?name=clipdb2&command=%2Fvar%2Fwww%2Fhtml%2Fpostar%2Fserver%2Ffimo_predict.sh+human+%2Fvar%2Fwww%2Fhtml%2Fpostar%2Fserver%2Fresult%2F6534854007%2Finput.seq+0.05
[GET] localhost:4321 /submit?name=clipdb2&command=%2Fvar%2Fwww%2Fhtml%2Fpostar%2Fserver%2Ffimo_predict.sh+human+%2Fvar%2Fwww%2Fhtml%2Fpostar%2Fserver%2Fresult%2F4940397114%2Finput.seq+0.05
[GET] localhost:4321 /submit?name=clipdb2&command=%2Fvar%2Fwww%2Fhtml%2Fpostar%2Fserver%2Ffimo_predict.sh+human+%2Fvar%2Fwww%2Fhtml%2Fpostar%2Fserver%2Fresult%2F7255105207%2Finput.seq+0.05
[GET] localhost:4321 /submit?name=clipdb2&command=%2Fvar%2Fwww%2Fhtml%2Fpostar%2Fserver%2Ffimo_predict.sh+human+%2Fvar%2Fwww%2Fhtml%2Fpostar%2Fserver%2Fresult%2F0203826109%2Finput.seq+0.05
[GET] localhost:4321 /submit?name=clipdb2&command=%2Fvar%2Fwww%2Fhtml%2Fpostar%2Fserver%2Ffimo_predict.sh+human+%2Fvar%2Fwww%2Fhtml%2Fpostar%2Fserver%2Fresult%2F0307541834%2Finput.seq+0.05
[GET] localhost:4321 /submit?name=clipdb2&command=%2Fvar%2Fwww%2Fhtml%2Fpostar%2Fserver%2Ffimo_predict.sh+human+%2Fvar%2Fwww%2Fhtml%2Fpostar%2Fserver%2Fresult%2F8017583086%2Finput.seq+0.05
[GET] localhost:4321 /submit?name=clipdb2&command=%2Fvar%2Fwww%2Fhtml%2Fpostar%2Fserver%2Ffimo_predict.sh+human+%2Fvar%2Fwww%2Fhtml%2Fpostar%2Fserver%2Fresult%2F5645762164%2Finput.seq+0.05
[GET] localhost:4321 /submit?name=clipdb2&command=%2Fvar%2Fwww%2Fhtml%2Fpostar%2Fserver%2Ffimo_predict.sh+human+%2Fvar%2Fwww%2Fhtml%2Fpostar%2Fserver%2Fresult%2F5130186274%2Finput.seq+0.05
[GET] localhost:4321 /submit?name=clipdb2&command=%2Fvar%2Fwww%2Fhtml%2Fpostar%2Fserver%2Ffimo_predict.sh+human+%2Fvar%2Fwww%2Fhtml%2Fpostar%2Fserver%2Fresult%2F6135934005%2Finput.seq+0.05
[GET] localhost:4321 /submit?name=clipdb2&command=%2Fvar%2Fwww%2Fhtml%2Fpostar%2Fserver%2Ffimo_predict.sh+human+%2Fvar%2Fwww%2Fhtml%2Fpostar%2Fserver%2Fresult%2F7372998247%2Finput.seq+0.05
[GET] localhost:4321 /submit?name=clipdb2&command=%2Fvar%2Fwww%2Fhtml%2Fpostar%2Fserver%2Ffimo_predict.sh+human+%2Fvar%2Fwww%2Fhtml%2Fpostar%2Fserver%2Fresult%2F9751183151%2Finput.seq+0.05
[GET] localhost:4321 /submit?name=clipdb2&command=%2Fvar%2Fwww%2Fhtml%2Fpostar%2Fserver%2Ffimo_predict.sh+human+%2Fvar%2Fwww%2Fhtml%2Fpostar%2Fserver%2Fresult%2F3497030868%2Finput.seq+0.05
[GET] localhost:4321 /submit?name=clipdb2&command=%2Fvar%2Fwww%2Fhtml%2Fpostar%2Fserver%2Ffimo_predict.sh+human+%2Fvar%2Fwww%2Fhtml%2Fpostar%2Fserver%2Fresult%2F3057952119%2Finput.seq+0.05
[GET] localhost:4321 /submit?name=clipdb2&command=%2Fvar%2Fwww%2Fhtml%2Fpostar%2Fserver%2Ffimo_predict.sh+human+%2Fvar%2Fwww%2Fhtml%2Fpostar%2Fserver%2Fresult%2F0364595398%2Finput.seq+0.05
[GET] localhost:4321 /submit?name=clipdb2&command=%2Fvar%2Fwww%2Fhtml%2Fpostar%2Fserver%2Ffimo_predict.sh+human+%2Fvar%2Fwww%2Fhtml%2Fpostar%2Fserver%2Fresult%2F4477227673%2Finput.seq+0.05
[GET] localhost:4321 /submit?name=clipdb2&command=%2Fvar%2Fwww%2Fhtml%2Fpostar%2Fserver%2Ffimo_predict.sh+human+%2Fvar%2Fwww%2Fhtml%2Fpostar%2Fserver%2Fresult%2F3628661926%2Finput.seq+0.05
[GET] localhost:4321 /submit?name=clipdb2&command=%2Fvar%2Fwww%2Fhtml%2Fpostar%2Fserver%2Ffimo_predict.sh+human+%2Fvar%2Fwww%2Fhtml%2Fpostar%2Fserver%2Fresult%2F1791377243%2Finput.seq+0.05
[GET] localhost:4321 /submit?name=clipdb2&command=%2Fvar%2Fwww%2Fhtml%2Fpostar%2Fserver%2Ffimo_predict.sh+human+%2Fvar%2Fwww%2Fhtml%2Fpostar%2Fserver%2Fresult%2F6615708055%2Finput.seq+0.05
[GET] localhost:4321 /submit?name=clipdb2&command=%2Fvar%2Fwww%2Fhtml%2Fpostar%2Fserver%2Ffimo_predict.sh+human+%2Fvar%2Fwww%2Fhtml%2Fpostar%2Fserver%2Fresult%2F8464334641%2Finput.seq+0.05
[GET] localhost:4321 /submit?name=clipdb2&command=%2Fvar%2Fwww%2Fhtml%2Fpostar%2Fserver%2Ffimo_predict.sh+human+%2Fvar%2Fwww%2Fhtml%2Fpostar%2Fserver%2Fresult%2F2624874005%2Finput.seq+0.05
[GET] localhost:4321 /submit?name=clipdb2&command=%2Fvar%2Fwww%2Fhtml%2Fpostar%2Fserver%2Ffimo_predict.sh+human+%2Fvar%2Fwww%2Fhtml%2Fpostar%2Fserver%2Fresult%2F7710805884%2Finput.seq+0.05
[GET] localhost:4321 /submit?name=clipdb2&command=%2Fvar%2Fwww%2Fhtml%2Fpostar%2Fserver%2Ffimo_predict.sh+human+%2Fvar%2Fwww%2Fhtml%2Fpostar%2Fserver%2Fresult%2F5486416646%2Finput.seq+0.05
[GET] localhost:4321 /submit?name=clipdb2&command=%2Fvar%2Fwww%2Fhtml%2Fpostar%2Fserver%2Ffimo_predict.sh+human+%2Fvar%2Fwww%2Fhtml%2Fpostar%2Fserver%2Fresult%2F1245600759%2Finput.seq+0.05
[GET] localhost:4321 /submit?name=clipdb2&command=%2Fvar%2Fwww%2Fhtml%2Fpostar%2Fserver%2Ffimo_predict.sh+human+%2Fvar%2Fwww%2Fhtml%2Fpostar%2Fserver%2Fresult%2F3609467331%2Finput.seq+0.05
[GET] localhost:4321 /submit?name=clipdb2&command=%2Fvar%2Fwww%2Fhtml%2Fpostar%2Fserver%2Ftess_predict.sh+human+%2Fvar%2Fwww%2Fhtml%2Fpostar%2Fserver%2Fresult%2F2427179233%2Finput.seq+5
[GET] localhost:4321 /submit?name=clipdb2&command=%2Fvar%2Fwww%2Fhtml%2Fpostar%2Fserver%2Ftess_predict.sh+human+%2Fvar%2Fwww%2Fhtml%2Fpostar%2Fserver%2Fresult%2F1603397683%2Finput.seq+5
[GET] localhost:4321 /submit?name=1525743350&command=%2Fhome%2Frme%2FRNAex%2Fresult%2F1525743323%2F%2Fcurl.sh
[GET] localhost:4321 /submit?name=1525743479&command=%2Fhome%2Frme%2FRNAex%2Fresult%2F1525743403%2F%2Fcurl.sh
[GET] localhost:4321 /submit?name=1525831833&command=%2Fhome%2Frme%2FRNAex%2Fresult%2F1525831446%2F%2Fcurl.sh
[GET] localhost:4321 /submit?name=1525832216&command=%2Fhome%2Frme%2FRNAex%2Fresult%2F1525832062%2F%2Fcurl.sh
[GET] localhost:4321 /submit?name=1525832579&command=%2Fhome%2Frme%2FRNAex%2Fresult%2F1525832564%2F%2Fcurl.sh
[GET] localhost:4321 /submit?name=1525832931&command=%2Fhome%2Frme%2FRNAex%2Fresult%2F1525832887%2F%2Fcurl.sh
[GET] localhost:4321 /submit?name=clipdb2&command=%2Fvar%2Fwww%2Fhtml%2Fpostar%2Fserver%2Ffimo_predict.sh+human+%2Fvar%2Fwww%2Fhtml%2Fpostar%2Fserver%2Fresult%2F4377133943%2Finput.seq+0.05
[GET] localhost:4321 /submit?name=clipdb2&command=%2Fvar%2Fwww%2Fhtml%2Fpostar%2Fserver%2Ffimo_predict.sh+human+%2Fvar%2Fwww%2Fhtml%2Fpostar%2Fserver%2Fresult%2F0221090433%2Finput.seq+0.05
[GET] localhost:4321 /submit?name=clipdb2&command=%2Fvar%2Fwww%2Fhtml%2Fpostar%2Fserver%2Ffimo_predict.sh+human+%2Fvar%2Fwww%2Fhtml%2Fpostar%2Fserver%2Fresult%2F7824139954%2Finput.seq+0.05
[GET] localhost:4321 /submit?name=clipdb2&command=%2Fvar%2Fwww%2Fhtml%2Fpostar%2Fserver%2Ffimo_predict.sh+human+%2Fvar%2Fwww%2Fhtml%2Fpostar%2Fserver%2Fresult%2F2674097744%2Finput.seq+0.05
[GET] localhost:4321 /submit?name=clipdb2&command=%2Fvar%2Fwww%2Fhtml%2Fpostar%2Fserver%2Ffimo_predict.sh+human+%2Fvar%2Fwww%2Fhtml%2Fpostar%2Fserver%2Fresult%2F1668804605%2Finput.seq+0.05
[GET] localhost:4321 /submit?name=clipdb2&command=%2Fvar%2Fwww%2Fhtml%2Fpostar%2Fserver%2Ffimo_predict.sh+human+%2Fvar%2Fwww%2Fhtml%2Fpostar%2Fserver%2Fresult%2F9786876602%2Finput.seq+0.05
[GET] localhost:4321 /submit?name=1525852431&command=%2Fhome%2Frme%2FRNAex%2Fresult%2F1525852315%2F%2Fcurl.sh
[GET] localhost:4321 /submit?name=1525852772&command=%2Fhome%2Frme%2FRNAex%2Fresult%2F1525852715%2F%2Fcurl.sh
[GET] localhost:4321 /submit?name=clipdb2&command=%2Fvar%2Fwww%2Fhtml%2Fpostar%2Fserver%2Ffimo_predict.sh+human+%2Fvar%2Fwww%2Fhtml%2Fpostar%2Fserver%2Fresult%2F5154879288%2Finput.seq+0.05
[GET] localhost:4321 /submit?name=clipdb2&command=%2Fvar%2Fwww%2Fhtml%2Fpostar%2Fserver%2Ffimo_predict.sh+human+%2Fvar%2Fwww%2Fhtml%2Fpostar%2Fserver%2Fresult%2F8768267938%2Finput.seq+0.05
[GET] localhost:4321 /submit?name=clipdb2&command=%2Fvar%2Fwww%2Fhtml%2Fpostar%2Fserver%2Ffimo_predict.sh+human+%2Fvar%2Fwww%2Fhtml%2Fpostar%2Fserver%2Fresult%2F5806714205%2Finput.seq+0.05
[GET] localhost:4321 /submit?name=clipdb2&command=%2Fvar%2Fwww%2Fhtml%2Fpostar%2Fserver%2Ffimo_predict.sh+human+%2Fvar%2Fwww%2Fhtml%2Fpostar%2Fserver%2Fresult%2F0755070905%2Finput.seq+0.05
[GET] localhost:4321 /submit?name=clipdb2&command=%2Fvar%2Fwww%2Fhtml%2Fpostar%2Fserver%2Ffimo_predict.sh+human+%2Fvar%2Fwww%2Fhtml%2Fpostar%2Fserver%2Fresult%2F5312165839%2Finput.seq+0.05
[GET] localhost:4321 /submit?name=clipdb2&command=%2Fvar%2Fwww%2Fhtml%2Fpostar%2Fserver%2Ffimo_predict.sh+human+%2Fvar%2Fwww%2Fhtml%2Fpostar%2Fserver%2Fresult%2F6951676762%2Finput.seq+0.05
[GET] localhost:4321 /submit?name=clipdb2&command=%2Fvar%2Fwww%2Fhtml%2Fpostar%2Fserver%2Ffimo_predict.sh+human+%2Fvar%2Fwww%2Fhtml%2Fpostar%2Fserver%2Fresult%2F3612216927%2Finput.seq+0.05
[GET] localhost:4321 /submit?name=clipdb2&command=%2Fvar%2Fwww%2Fhtml%2Fpostar%2Fserver%2Ffimo_predict.sh+human+%2Fvar%2Fwww%2Fhtml%2Fpostar%2Fserver%2Fresult%2F1365580362%2Finput.seq+0.05
[GET] localhost:4321 /submit?name=clipdb2&command=%2Fvar%2Fwww%2Fhtml%2Fpostar%2Fserver%2Ffimo_predict.sh+human+%2Fvar%2Fwww%2Fhtml%2Fpostar%2Fserver%2Fresult%2F9447753723%2Finput.seq+0.05
[GET] localhost:4321 /submit?name=clipdb2&command=%2Fvar%2Fwww%2Fhtml%2Fpostar%2Fserver%2Ffimo_predict.sh+human+%2Fvar%2Fwww%2Fhtml%2Fpostar%2Fserver%2Fresult%2F9641266018%2Finput.seq+0.05
[GET] localhost:4321 /submit?name=clipdb2&command=%2Fvar%2Fwww%2Fhtml%2Fpostar%2Fserver%2Ffimo_predict.sh+human+%2Fvar%2Fwww%2Fhtml%2Fpostar%2Fserver%2Fresult%2F9425449904%2Finput.seq+0.05
[GET] localhost:4321 /submit?name=clipdb2&command=%2Fvar%2Fwww%2Fhtml%2Fpostar%2Fserver%2Ffimo_predict.sh+human+%2Fvar%2Fwww%2Fhtml%2Fpostar%2Fserver%2Fresult%2F2815760604%2Finput.seq+0.05
[GET] localhost:4321 /submit?name=clipdb2&command=%2Fvar%2Fwww%2Fhtml%2Fpostar%2Fserver%2Ffimo_predict.sh+human+%2Fvar%2Fwww%2Fhtml%2Fpostar%2Fserver%2Fresult%2F0640807394%2Finput.seq+0.05
[GET] localhost:4321 /submit?name=clipdb2&command=%2Fvar%2Fwww%2Fhtml%2Fpostar%2Fserver%2Ffimo_predict.sh+human+%2Fvar%2Fwww%2Fhtml%2Fpostar%2Fserver%2Fresult%2F1195441374%2Finput.seq+0.05
[GET] localhost:4321 /submit?name=clipdb2&command=%2Fvar%2Fwww%2Fhtml%2Fpostar%2Fserver%2Ffimo_predict.sh+human+%2Fvar%2Fwww%2Fhtml%2Fpostar%2Fserver%2Fresult%2F3177476716%2Finput.seq+0.05
[GET] localhost:4321 /submit?name=clipdb2&command=%2Fvar%2Fwww%2Fhtml%2Fpostar%2Fserver%2Ffimo_predict.sh+human+%2Fvar%2Fwww%2Fhtml%2Fpostar%2Fserver%2Fresult%2F0449311851%2Finput.seq+0.05
[GET] localhost:4321 /submit?name=clipdb2&command=%2Fvar%2Fwww%2Fhtml%2Fpostar%2Fserver%2Ffimo_predict.sh+human+%2Fvar%2Fwww%2Fhtml%2Fpostar%2Fserver%2Fresult%2F2358375118%2Finput.seq+0.05
[GET] localhost:4321 /submit?name=clipdb2&command=%2Fvar%2Fwww%2Fhtml%2Fpostar%2Fserver%2Ffimo_predict.sh+human+%2Fvar%2Fwww%2Fhtml%2Fpostar%2Fserver%2Fresult%2F0898630502%2Finput.seq+0.05
[GET] localhost:4321 /submit?name=clipdb2&command=%2Fvar%2Fwww%2Fhtml%2Fpostar%2Fserver%2Ffimo_predict.sh+human+%2Fvar%2Fwww%2Fhtml%2Fpostar%2Fserver%2Fresult%2F1966007921%2Finput.seq+0.05
[GET] localhost:4321 /submit?name=clipdb2&command=%2Fvar%2Fwww%2Fhtml%2Fpostar%2Fserver%2Ffimo_predict.sh+human+%2Fvar%2Fwww%2Fhtml%2Fpostar%2Fserver%2Fresult%2F5407526109%2Finput.seq+0.05
[GET] localhost:4321 /submit?name=clipdb2&command=%2Fvar%2Fwww%2Fhtml%2Fpostar%2Fserver%2Ffimo_predict.sh+human+%2Fvar%2Fwww%2Fhtml%2Fpostar%2Fserver%2Fresult%2F7595060754%2Finput.seq+0.05
[GET] localhost:4321 /submit?name=clipdb2&command=%2Fvar%2Fwww%2Fhtml%2Fpostar%2Fserver%2Ffimo_predict.sh+human+%2Fvar%2Fwww%2Fhtml%2Fpostar%2Fserver%2Fresult%2F9404701617%2Finput.seq+0.05
[GET] localhost:4321 /submit?name=clipdb2&command=%2Fvar%2Fwww%2Fhtml%2Fpostar%2Fserver%2Ffimo_predict.sh+human+%2Fvar%2Fwww%2Fhtml%2Fpostar%2Fserver%2Fresult%2F6904567480%2Finput.seq+0.05
[GET] localhost:4321 /submit?name=clipdb2&command=%2Fvar%2Fwww%2Fhtml%2Fpostar%2Fserver%2Ffimo_predict.sh+human+%2Fvar%2Fwww%2Fhtml%2Fpostar%2Fserver%2Fresult%2F1609109549%2Finput.seq+0.05
[GET] localhost:4321 /submit?name=clipdb2&command=%2Fvar%2Fwww%2Fhtml%2Fpostar%2Fserver%2Ffimo_predict.sh+human+%2Fvar%2Fwww%2Fhtml%2Fpostar%2Fserver%2Fresult%2F2965838275%2Finput.seq+0.05
[GET] localhost:4321 /submit?name=clipdb2&command=%2Fvar%2Fwww%2Fhtml%2Fpostar%2Fserver%2Ffimo_predict.sh+human+%2Fvar%2Fwww%2Fhtml%2Fpostar%2Fserver%2Fresult%2F1265515026%2Finput.seq+0.05
[GET] localhost:4321 /submit?name=clipdb2&command=%2Fvar%2Fwww%2Fhtml%2Fpostar%2Fserver%2Ffimo_predict.sh+human+%2Fvar%2Fwww%2Fhtml%2Fpostar%2Fserver%2Fresult%2F2705818029%2Finput.seq+0.05
[GET] localhost:4321 /submit?name=clipdb2&command=%2Fvar%2Fwww%2Fhtml%2Fpostar%2Fserver%2Ffimo_predict.sh+human+%2Fvar%2Fwww%2Fhtml%2Fpostar%2Fserver%2Fresult%2F8607993801%2Finput.seq+0.05
[GET] localhost:4321 /submit?name=clipdb2&command=%2Fvar%2Fwww%2Fhtml%2Fpostar%2Fserver%2Ffimo_predict.sh+human+%2Fvar%2Fwww%2Fhtml%2Fpostar%2Fserver%2Fresult%2F6425039312%2Finput.seq+0.05
[GET] localhost:4321 /submit?name=clipdb2&command=%2Fvar%2Fwww%2Fhtml%2Fpostar%2Fserver%2Ffimo_predict.sh+human+%2Fvar%2Fwww%2Fhtml%2Fpostar%2Fserver%2Fresult%2F3574615069%2Finput.seq+0.05
[GET] localhost:4321 /submit?name=clipdb2&command=%2Fvar%2Fwww%2Fhtml%2Fpostar%2Fserver%2Ffimo_predict.sh+human+%2Fvar%2Fwww%2Fhtml%2Fpostar%2Fserver%2Fresult%2F9024477141%2Finput.seq+0.05
[GET] localhost:4321 /submit?name=clipdb2&command=%2Fvar%2Fwww%2Fhtml%2Fpostar%2Fserver%2Ffimo_predict.sh+human+%2Fvar%2Fwww%2Fhtml%2Fpostar%2Fserver%2Fresult%2F9710915801%2Finput.seq+0.05
[GET] localhost:4321 /submit?name=clipdb2&command=%2Fvar%2Fwww%2Fhtml%2Fpostar%2Fserver%2Ffimo_predict.sh+human+%2Fvar%2Fwww%2Fhtml%2Fpostar%2Fserver%2Fresult%2F0013043545%2Finput.seq+0.05
[GET] localhost:4321 /submit?name=clipdb2&command=%2Fvar%2Fwww%2Fhtml%2Fpostar%2Fserver%2Ffimo_predict.sh+human+%2Fvar%2Fwww%2Fhtml%2Fpostar%2Fserver%2Fresult%2F8221307814%2Finput.seq+0.05
[GET] localhost:4321 /submit?name=clipdb2&command=%2Fvar%2Fwww%2Fhtml%2Fpostar%2Fserver%2Ffimo_predict.sh+human+%2Fvar%2Fwww%2Fhtml%2Fpostar%2Fserver%2Fresult%2F9695153185%2Finput.seq+0.05
[GET] localhost:4321 /submit?name=1525855187&command=%2Fhome%2Frme%2FRNAex%2Fresult%2F1525855167%2F%2Fcurl.sh
[GET] localhost:4321 /submit?name=1525856092&command=%2Fhome%2Frme%2FRNAex%2Fresult%2F1525855641%2F%2Fcurl.sh
[GET] localhost:4321 /submit?name=1525856127&command=%2Fhome%2Frme%2FRNAex%2Fresult%2F1525856110%2F%2Fcurl.sh
[GET] localhost:4321 /submit?name=1525856926&command=%2Fhome%2Frme%2FRNAex%2Fresult%2F1525856910%2F%2Fcurl.sh
[GET] localhost:4321 /submit?name=1525860462&command=%2Fhome%2Frme%2FRNAex%2Fresult%2F1525860422%2F%2Fcurl.sh
[GET] localhost:4321 /submit?name=1525861637&command=%2Fhome%2Frme%2FRNAex%2Fresult%2F1525860955%2F%2Fcurl.sh
[GET] localhost:4321 /submit?name=1525862580&command=%2Fhome%2Frme%2FRNAex%2Fresult%2F1525862029%2F%2Fcurl.sh
[GET] localhost:4321 /submit?name=1525862739&command=%2Fhome%2Frme%2FRNAex%2Fresult%2F1525862691%2F%2Fcurl.sh
[GET] localhost:4321 /submit?name=1525865644&command=%2Fhome%2Frme%2FRNAex%2Fresult%2F1525865598%2F%2Fcurl.sh
[GET] localhost:4321 /submit?name=1525865748&command=%2Fhome%2Frme%2FRNAex%2Fresult%2F1525865717%2F%2Fcurl.sh
[GET] localhost:4321 /submit?name=1525865940&command=%2Fhome%2Frme%2FRNAex%2Fresult%2F1525865911%2F%2Fcurl.sh
[GET] localhost:4321 /submit?name=1525865973&command=%2Fhome%2Frme%2FRNAex%2Fresult%2F1525865956%2F%2Fcurl.sh
[GET] localhost:4321 /submit?name=1525870851&command=%2Fhome%2Frme%2FRNAex%2Fresult%2F1525870785%2F%2Fcurl.sh
[GET] localhost:4321 /submit?name=1525871018&command=%2Fhome%2Frme%2FRNAex%2Fresult%2F1525870989%2F%2Fcurl.sh
[GET] localhost:4321 /submit?name=1525871248&command=%2Fhome%2Frme%2FRNAex%2Fresult%2F1525871170%2F%2Fcurl.sh
[GET] localhost:4321 /submit?name=1525871678&command=%2Fhome%2Frme%2FRNAex%2Fresult%2F1525871315%2F%2Fcurl.sh
[GET] localhost:4321 /submit?name=1525871770&command=%2Fhome%2Frme%2FRNAex%2Fresult%2F1525871728%2F%2Fcurl.sh
[GET] localhost:4321 /submit?name=1525871934&command=%2Fhome%2Frme%2FRNAex%2Fresult%2F1525871900%2F%2Fcurl.sh
[GET] localhost:4321 /submit?name=1525872038&command=%2Fhome%2Frme%2FRNAex%2Fresult%2F1525872000%2F%2Fcurl.sh
[GET] localhost:4321 /submit?name=1525872078&command=%2Fhome%2Frme%2FRNAex%2Fresult%2F1525872064%2F%2Fcurl.sh
[GET] localhost:4321 /submit?name=1525872152&command=%2Fhome%2Frme%2FRNAex%2Fresult%2F1525872119%2F%2Fcurl.sh
[GET] localhost:4321 /submit?name=1525872226&command=%2Fhome%2Frme%2FRNAex%2Fresult%2F1525872181%2F%2Fcurl.sh
[GET] localhost:4321 /submit?name=1525872288&command=%2Fhome%2Frme%2FRNAex%2Fresult%2F1525872263%2F%2Fcurl.sh
[GET] localhost:4321 /submit?name=1525872337&command=%2Fhome%2Frme%2FRNAex%2Fresult%2F1525872309%2F%2Fcurl.sh
[GET] localhost:4321 /submit?name=1525872450&command=%2Fhome%2Frme%2FRNAex%2Fresult%2F1525872408%2F%2Fcurl.sh
[GET] localhost:4321 /submit?name=1525872497&command=%2Fhome%2Frme%2FRNAex%2Fresult%2F1525872471%2F%2Fcurl.sh
[GET] localhost:4321 /submit?name=1525872575&command=%2Fhome%2Frme%2FRNAex%2Fresult%2F1525872527%2F%2Fcurl.sh
[GET] localhost:4321 /submit?name=1525872754&command=%2Fhome%2Frme%2FRNAex%2Fresult%2F1525872612%2F%2Fcurl.sh
[GET] localhost:4321 /submit?name=1525872871&command=%2Fhome%2Frme%2FRNAex%2Fresult%2F1525872794%2F%2Fcurl.sh
[GET] localhost:4321 /submit?name=clipdb2&command=%2Fvar%2Fwww%2Fhtml%2Fpostar%2Fserver%2Fdeepbind_predict.sh+human.rbp.ids+%2Fvar%2Fwww%2Fhtml%2Fpostar%2Fserver%2Fresult%2F1552164401%2Finput.seq+0
[GET] localhost:4321 /submit?name=clipdb2&command=%2Fvar%2Fwww%2Fhtml%2Fpostar%2Fserver%2Ffimo_predict.sh+human+%2Fvar%2Fwww%2Fhtml%2Fpostar%2Fserver%2Fresult%2F8149435381%2Finput.seq+0.05
[GET] localhost:4321 /submit?name=1526003532&command=%2Fhome%2Frme%2FRNAex%2Fresult%2F1526003487%2F%2Fcurl.sh
[GET] localhost:4321 /submit?name=job1&command=%2Fvar%2Fwww%2Fhtml%2FRNAfinder%2Fsubmit_job.sh+result%2F%2Finput+result%2F+
[GET] localhost:4321 /submit?name=job1&command=%2Fvar%2Fwww%2Fhtml%2FRNAfinder%2Fsubmit_job.sh+result%2F%2Finput+result%2F+
[GET] localhost:4321 /submit?name=clipdb2&command=%2Fvar%2Fwww%2Fhtml%2Fpostar%2Fserver%2Ffimo_predict.sh+human+%2Fvar%2Fwww%2Fhtml%2Fpostar%2Fserver%2Fresult%2F0613735357%2Finput.seq+0.05
[GET] localhost:4321 /submit?name=clipdb2&command=%2Fvar%2Fwww%2Fhtml%2Fpostar%2Fserver%2Ftess_predict.sh+human+%2Fvar%2Fwww%2Fhtml%2Fpostar%2Fserver%2Fresult%2F1685280787%2Finput.seq+5
[GET] localhost:4321 /submit?name=clipdb2&command=%2Fvar%2Fwww%2Fhtml%2Fpostar%2Fserver%2Ffimo_predict.sh+human+%2Fvar%2Fwww%2Fhtml%2Fpostar%2Fserver%2Fresult%2F5268838139%2Finput.seq+0.05
[GET] localhost:4321 /submit?name=clipdb2&command=%2Fvar%2Fwww%2Fhtml%2Fpostar%2Fserver%2Ffimo_predict.sh+human+%2Fvar%2Fwww%2Fhtml%2Fpostar%2Fserver%2Fresult%2F6361539679%2Finput.seq+0.05
[GET] localhost:4321 /submit?name=clipdb2&command=%2Fvar%2Fwww%2Fhtml%2Fpostar%2Fserver%2Ffimo_predict.sh+human+%2Fvar%2Fwww%2Fhtml%2Fpostar%2Fserver%2Fresult%2F9559162755%2Finput.seq+0.05
[GET] localhost:4321 /submit?name=clipdb2&command=%2Fvar%2Fwww%2Fhtml%2Fpostar%2Fserver%2Ffimo_predict.sh+human+%2Fvar%2Fwww%2Fhtml%2Fpostar%2Fserver%2Fresult%2F6373900227%2Finput.seq+0.05
[GET] localhost:4321 /submit?name=clipdb2&command=%2Fvar%2Fwww%2Fhtml%2Fpostar%2Fserver%2Ffimo_predict.sh+human+%2Fvar%2Fwww%2Fhtml%2Fpostar%2Fserver%2Fresult%2F2795941876%2Finput.seq+0.05
[GET] localhost:4321 /submit?name=clipdb2&command=%2Fvar%2Fwww%2Fhtml%2Fpostar%2Fserver%2Ffimo_predict.sh+human+%2Fvar%2Fwww%2Fhtml%2Fpostar%2Fserver%2Fresult%2F7743909311%2Finput.seq+0.05
[GET] localhost:4321 /submit?name=clipdb2&command=%2Fvar%2Fwww%2Fhtml%2Fpostar%2Fserver%2Fdeepbind_predict.sh+human.rbp.ids+%2Fvar%2Fwww%2Fhtml%2Fpostar%2Fserver%2Fresult%2F9139937324%2Finput.seq+0
[GET] localhost:4321 /submit?name=job1&command=%2Fvar%2Fwww%2Fhtml%2FRNAfinder%2Fsubmit_job.sh+result%2F6133917439%2Finput+result%2F6133917439+human
[GET] localhost:4321 /submit?name=clipdb2browse&command=cat+++%3E%3E+%2Fvar%2Fwww%2Fhtml%2Fpostar%2Fserver%2Fbrowse%2F3431669997+
[GET] localhost:4321 /submit?name=clipdb2&command=%2Fvar%2Fwww%2Fhtml%2Fpostar%2Fserver%2Fdeepbind_predict.sh+human.rbp.ids+%2Fvar%2Fwww%2Fhtml%2Fpostar%2Fserver%2Fresult%2F4938058215%2Finput.seq+0
[GET] localhost:4321 /submit?name=job1&command=%2Fvar%2Fwww%2Fhtml%2FRNAfinder%2Fsubmit_job.sh+result%2F5245386816%2Finput+result%2F5245386816+human
[GET] localhost:4321 /submit?name=job1&command=%2Fvar%2Fwww%2Fhtml%2FRNAfinder%2Fsubmit_job.sh+result%2F9821659437%2Finput+result%2F9821659437+human
[GET] localhost:4321 /submit?name=job1&command=%2Fvar%2Fwww%2Fhtml%2FRNAfinder%2Fsubmit_job.sh+result%2F8595550583%2Finput+result%2F8595550583+human
[GET] localhost:4321 /submit?name=job1&command=%2Fvar%2Fwww%2Fhtml%2FRNAfinder%2Fsubmit_job.sh+result%2F2298532978%2Finput+result%2F2298532978+human
[GET] localhost:4321 /submit?name=clipdb2&command=%2Fvar%2Fwww%2Fhtml%2Fpostar%2Fserver%2Ffimo_predict.sh+human+%2Fvar%2Fwww%2Fhtml%2Fpostar%2Fserver%2Fresult%2F5270128296%2Finput.seq+0.05
[GET] localhost:4321 /submit?name=clipdb2&command=%2Fvar%2Fwww%2Fhtml%2Fpostar%2Fserver%2Fdeepbind_predict.sh+human.rbp.ids+%2Fvar%2Fwww%2Fhtml%2Fpostar%2Fserver%2Fresult%2F2026149400%2Finput.seq+0
[GET] localhost:4321 /submit?name=clipdb2&command=%2Fvar%2Fwww%2Fhtml%2Fpostar%2Fserver%2Fdeepbind_predict.sh+human.rbp.ids+%2Fvar%2Fwww%2Fhtml%2Fpostar%2Fserver%2Fresult%2F9628463562%2Finput.seq+0
[GET] localhost:4321 /submit?name=clipdb2&command=%2Fvar%2Fwww%2Fhtml%2Fpostar%2Fserver%2Fdeepbind_predict.sh+human.rbp.ids+%2Fvar%2Fwww%2Fhtml%2Fpostar%2Fserver%2Fresult%2F5882285178%2Finput.seq+0
[GET] localhost:4321 /submit?name=job1&command=%2Fvar%2Fwww%2Fhtml%2FRNAfinder%2Fsubmit_job.sh+result%2F6563606742%2Finput+result%2F6563606742+human
[GET] localhost:4321 /submit?name=1527502826&command=%2Fhome%2Frme%2FRNAex%2Fresult%2F1527502743%2F%2Fcurl.sh
[GET] localhost:4321 /submit?name=clipdb2browse&command=cat+++%3E%3E+%2Fvar%2Fwww%2Fhtml%2Fpostar%2Fserver%2Fbrowse%2F5809000767+
[GET] localhost:4321 /submit?name=clipdb2browse&command=cat+++%2Fhome%2Fhuboqin%2Fdata%2Fclipdb2%2Fbrowse%2Ftrack%2Fhuman_SNP+%3E%3E+%2Fvar%2Fwww%2Fhtml%2Fpostar%2Fserver%2Fbrowse%2F4768776594+
[GET] localhost:4321 /submit?name=clipdb2&command=%2Fvar%2Fwww%2Fhtml%2Fpostar%2Fserver%2Fdeepbind_predict.sh+human.rbp.ids+%2Fvar%2Fwww%2Fhtml%2Fpostar%2Fserver%2Fresult%2F4542359554%2Finput.seq+0
[GET] localhost:4321 /submit?name=clipdb2&command=%2Fvar%2Fwww%2Fhtml%2Fpostar%2Fserver%2Ftess_predict.sh+human+%2Fvar%2Fwww%2Fhtml%2Fpostar%2Fserver%